<?xml version="1.0" encoding="UTF-8"?>
<testsuite name="com.qa.trello.tests.TeamCreationTests" tests="1" skipped="0" failures="0" errors="0" timestamp="2020-04-22T17:28:43" hostname="DESKTOP-NPA4CH3" time="92.199">
  <properties/>
  <testcase name="testTeamCreation" classname="com.qa.trello.tests.TeamCreationTests" time="92.199"/>
  <system-out><![CDATA[]]></system-out>
  <system-err><![CDATA[Starting ChromeDriver 81.0.4044.69 (6813546031a4bc83f717a2ef7cd4ac6ec1199132-refs/branch-heads/4044@{#776}) on port 40741
Only local connections are allowed.
Please protect ports used by ChromeDriver and related test frameworks to prevent access by malicious code.
апр 22, 2020 8:28:20 PM org.openqa.selenium.remote.ProtocolHandshake createSession
INFO: Detected dialect: W3C
[1587576503.558][SEVERE]: Timed out receiving message from renderer: 0.100
[1587576503.663][SEVERE]: Timed out receiving message from renderer: 0.100
[1587576503.770][SEVERE]: Timed out receiving message from renderer: 0.100
[1587576503.871][SEVERE]: Timed out receiving message from renderer: 0.100
[1587576503.974][SEVERE]: Timed out receiving message from renderer: 0.100
[1587576504.079][SEVERE]: Timed out receiving message from renderer: 0.100
[1587576504.183][SEVERE]: Timed out receiving message from renderer: 0.100
[1587576505.077][SEVERE]: Timed out receiving message from renderer: 0.100
[1587576505.182][SEVERE]: Timed out receiving message from renderer: 0.100
[1587576505.292][SEVERE]: Timed out receiving message from renderer: 0.100
[1587576505.398][SEVERE]: Timed out receiving message from renderer: 0.100
[1587576505.503][SEVERE]: Timed out receiving message from renderer: 0.100
[1587576505.608][SEVERE]: Timed out receiving message from renderer: 0.100
[1587576505.711][SEVERE]: Timed out receiving message from renderer: 0.100
[1587576505.814][SEVERE]: Timed out receiving message from renderer: 0.100
[1587576505.916][SEVERE]: Timed out receiving message from renderer: 0.100
[1587576506.019][SEVERE]: Timed out receiving message from renderer: 0.100
[1587576506.121][SEVERE]: Timed out receiving message from renderer: 0.100
[1587576506.241][SEVERE]: Timed out receiving message from renderer: 0.100
[1587576506.347][SEVERE]: Timed out receiving message from renderer: 0.100
[1587576506.615][SEVERE]: Timed out receiving message from renderer: 0.100
[1587576506.718][SEVERE]: Timed out receiving message from renderer: 0.100
[1587576506.822][SEVERE]: Timed out receiving message from renderer: 0.100
[1587576506.925][SEVERE]: Timed out receiving message from renderer: 0.100
[1587576507.029][SEVERE]: Timed out receiving message from renderer: 0.100
[1587576507.134][SEVERE]: Timed out receiving message from renderer: 0.100
[1587576507.239][SEVERE]: Timed out receiving message from renderer: 0.100
[1587576507.344][SEVERE]: Timed out receiving message from renderer: 0.100
[1587576507.539][SEVERE]: Timed out receiving message from renderer: 0.100
[1587576507.697][SEVERE]: Timed out receiving message from renderer: 0.100
[1587576507.808][SEVERE]: Timed out receiving message from renderer: 0.100
[1587576507.913][SEVERE]: Timed out receiving message from renderer: 0.100
[1587576508.159][SEVERE]: Timed out receiving message from renderer: 0.100
[1587576508.261][SEVERE]: Timed out receiving message from renderer: 0.100
[1587576508.463][SEVERE]: Timed out receiving message from renderer: 0.100
[1587576508.580][SEVERE]: Timed out receiving message from renderer: 0.100
[1587576508.689][SEVERE]: Timed out receiving message from renderer: 0.100
[1587576508.802][SEVERE]: Timed out receiving message from renderer: 0.100
[1587576508.910][SEVERE]: Timed out receiving message from renderer: 0.100
[1587576509.019][SEVERE]: Timed out receiving message from renderer: 0.100
[1587576509.124][SEVERE]: Timed out receiving message from renderer: 0.100
[1587576509.239][SEVERE]: Timed out receiving message from renderer: 0.100
[1587576509.349][SEVERE]: Timed out receiving message from renderer: 0.100
[1587576509.467][SEVERE]: Timed out receiving message from renderer: 0.100
[1587576509.573][SEVERE]: Timed out receiving message from renderer: 0.100
[1587576509.681][SEVERE]: Timed out receiving message from renderer: 0.100
[1587576509.788][SEVERE]: Timed out receiving message from renderer: 0.100
[1587576509.893][SEVERE]: Timed out receiving message from renderer: 0.100
[1587576509.999][SEVERE]: Timed out receiving message from renderer: 0.100
[1587576510.110][SEVERE]: Timed out receiving message from renderer: 0.100
[1587576510.222][SEVERE]: Timed out receiving message from renderer: 0.100
[1587576510.326][SEVERE]: Timed out receiving message from renderer: 0.100
[1587576510.452][SEVERE]: Timed out receiving message from renderer: 0.100
[1587576510.559][SEVERE]: Timed out receiving message from renderer: 0.100
[1587576510.667][SEVERE]: Timed out receiving message from renderer: 0.100
[1587576510.772][SEVERE]: Timed out receiving message from renderer: 0.100
[1587576510.977][SEVERE]: Timed out receiving message from renderer: 0.100
[1587576511.164][SEVERE]: Timed out receiving message from renderer: 0.100
[1587576511.322][SEVERE]: Timed out receiving message from renderer: 0.100
[1587576511.431][SEVERE]: Timed out receiving message from renderer: 0.100
[1587576511.584][SEVERE]: Timed out receiving message from renderer: 0.100
[1587576511.691][SEVERE]: Timed out receiving message from renderer: 0.100
[1587576511.802][SEVERE]: Timed out receiving message from renderer: 0.100
[1587576511.916][SEVERE]: Timed out receiving message from renderer: 0.100
[1587576512.022][SEVERE]: Timed out receiving message from renderer: 0.100
[1587576512.130][SEVERE]: Timed out receiving message from renderer: 0.100
[1587576512.239][SEVERE]: Timed out receiving message from renderer: 0.100
[1587576512.347][SEVERE]: Timed out receiving message from renderer: 0.100
[1587576512.455][SEVERE]: Timed out receiving message from renderer: 0.100
[1587576512.568][SEVERE]: Timed out receiving message from renderer: 0.100
[1587576512.680][SEVERE]: Timed out receiving message from renderer: 0.100
[1587576512.788][SEVERE]: Timed out receiving message from renderer: 0.100
[1587576512.897][SEVERE]: Timed out receiving message from renderer: 0.100
[1587576513.005][SEVERE]: Timed out receiving message from renderer: 0.100
[1587576513.121][SEVERE]: Timed out receiving message from renderer: 0.100
[1587576513.240][SEVERE]: Timed out receiving message from renderer: 0.100
[1587576513.347][SEVERE]: Timed out receiving message from renderer: 0.100
[1587576513.453][SEVERE]: Timed out receiving message from renderer: 0.100
[1587576513.560][SEVERE]: Timed out receiving message from renderer: 0.100
[1587576513.668][SEVERE]: Timed out receiving message from renderer: 0.100
[1587576513.776][SEVERE]: Timed out receiving message from renderer: 0.100
[1587576513.884][SEVERE]: Timed out receiving message from renderer: 0.100
[1587576513.992][SEVERE]: Timed out receiving message from renderer: 0.100
[1587576514.102][SEVERE]: Timed out receiving message from renderer: 0.100
[1587576514.211][SEVERE]: Timed out receiving message from renderer: 0.100
[1587576514.329][SEVERE]: Timed out receiving message from renderer: 0.100
[1587576514.444][SEVERE]: Timed out receiving message from renderer: 0.100
[1587576514.551][SEVERE]: Timed out receiving message from renderer: 0.100
[1587576514.658][SEVERE]: Timed out receiving message from renderer: 0.100
[1587576514.767][SEVERE]: Timed out receiving message from renderer: 0.100
[1587576514.872][SEVERE]: Timed out receiving message from renderer: 0.100
[1587576514.998][SEVERE]: Timed out receiving message from renderer: 0.100
[1587576515.133][SEVERE]: Timed out receiving message from renderer: 0.100
[1587576515.240][SEVERE]: Timed out receiving message from renderer: 0.100
[1587576515.356][SEVERE]: Timed out receiving message from renderer: 0.100
[1587576515.466][SEVERE]: Timed out receiving message from renderer: 0.100
[1587576515.578][SEVERE]: Timed out receiving message from renderer: 0.100
[1587576515.694][SEVERE]: Timed out receiving message from renderer: 0.100
[1587576515.805][SEVERE]: Timed out receiving message from renderer: 0.100
[1587576515.912][SEVERE]: Timed out receiving message from renderer: 0.100
[1587576516.023][SEVERE]: Timed out receiving message from renderer: 0.100
[1587576516.130][SEVERE]: Timed out receiving message from renderer: 0.100
[1587576516.237][SEVERE]: Timed out receiving message from renderer: 0.100
[1587576516.346][SEVERE]: Timed out receiving message from renderer: 0.100
[1587576516.455][SEVERE]: Timed out receiving message from renderer: 0.100
[1587576516.562][SEVERE]: Timed out receiving message from renderer: 0.100
[1587576516.666][SEVERE]: Timed out receiving message from renderer: 0.100
[1587576516.771][SEVERE]: Timed out receiving message from renderer: 0.100
[1587576516.873][SEVERE]: Timed out receiving message from renderer: 0.100
[1587576516.974][SEVERE]: Timed out receiving message from renderer: 0.100
[1587576517.084][SEVERE]: Timed out receiving message from renderer: 0.100
[1587576517.191][SEVERE]: Timed out receiving message from renderer: 0.100
[1587576517.304][SEVERE]: Timed out receiving message from renderer: 0.100
[1587576517.412][SEVERE]: Timed out receiving message from renderer: 0.100
[1587576517.519][SEVERE]: Timed out receiving message from renderer: 0.100
[1587576517.634][SEVERE]: Timed out receiving message from renderer: 0.100
[1587576517.966][SEVERE]: Timed out receiving message from renderer: 0.100
[1587576518.073][SEVERE]: Timed out receiving message from renderer: 0.100
[1587576518.180][SEVERE]: Timed out receiving message from renderer: 0.100
[1587576518.285][SEVERE]: Timed out receiving message from renderer: 0.100
[1587576518.393][SEVERE]: Timed out receiving message from renderer: 0.100
[1587576518.499][SEVERE]: Timed out receiving message from renderer: 0.100
[1587576518.625][SEVERE]: Timed out receiving message from renderer: 0.100
[1587576518.730][SEVERE]: Timed out receiving message from renderer: 0.100
[1587576518.858][SEVERE]: Timed out receiving message from renderer: 0.100
[1587576518.999][SEVERE]: Timed out receiving message from renderer: 0.100
[1587576519.109][SEVERE]: Timed out receiving message from renderer: 0.100
[1587576519.229][SEVERE]: Timed out receiving message from renderer: 0.100
[1587576519.340][SEVERE]: Timed out receiving message from renderer: 0.100
[1587576519.455][SEVERE]: Timed out receiving message from renderer: 0.100
[1587576519.563][SEVERE]: Timed out receiving message from renderer: 0.100
[1587576519.679][SEVERE]: Timed out receiving message from renderer: 0.100
[1587576519.792][SEVERE]: Timed out receiving message from renderer: 0.100
[1587576519.902][SEVERE]: Timed out receiving message from renderer: 0.100
[1587576520.012][SEVERE]: Timed out receiving message from renderer: 0.100
[1587576520.145][SEVERE]: Timed out receiving message from renderer: 0.100
[1587576520.255][SEVERE]: Timed out receiving message from renderer: 0.100
[1587576520.362][SEVERE]: Timed out receiving message from renderer: 0.100
[1587576520.471][SEVERE]: Timed out receiving message from renderer: 0.100
[1587576520.581][SEVERE]: Timed out receiving message from renderer: 0.100
[1587576520.689][SEVERE]: Timed out receiving message from renderer: 0.100
[1587576520.796][SEVERE]: Timed out receiving message from renderer: 0.100
[1587576520.910][SEVERE]: Timed out receiving message from renderer: 0.100
[1587576521.101][SEVERE]: Timed out receiving message from renderer: 0.100
[1587576521.212][SEVERE]: Timed out receiving message from renderer: 0.100
[1587576521.372][SEVERE]: Timed out receiving message from renderer: 0.100
[1587576521.479][SEVERE]: Timed out receiving message from renderer: 0.100
[1587576521.590][SEVERE]: Timed out receiving message from renderer: 0.100
[1587576521.701][SEVERE]: Timed out receiving message from renderer: 0.100
[1587576521.809][SEVERE]: Timed out receiving message from renderer: 0.100
[1587576521.918][SEVERE]: Timed out receiving message from renderer: 0.100
[1587576522.021][SEVERE]: Timed out receiving message from renderer: 0.100
[1587576522.130][SEVERE]: Timed out receiving message from renderer: 0.100
[1587576522.240][SEVERE]: Timed out receiving message from renderer: 0.100
[1587576522.347][SEVERE]: Timed out receiving message from renderer: 0.100
[1587576522.457][SEVERE]: Timed out receiving message from renderer: 0.100
[1587576522.563][SEVERE]: Timed out receiving message from renderer: 0.100
[1587576522.673][SEVERE]: Timed out receiving message from renderer: 0.100
[1587576522.780][SEVERE]: Timed out receiving message from renderer: 0.100
[1587576522.889][SEVERE]: Timed out receiving message from renderer: 0.100
[1587576522.997][SEVERE]: Timed out receiving message from renderer: 0.100
[1587576523.103][SEVERE]: Timed out receiving message from renderer: 0.100
[1587576523.214][SEVERE]: Timed out receiving message from renderer: 0.100
[1587576523.324][SEVERE]: Timed out receiving message from renderer: 0.100
[1587576523.437][SEVERE]: Timed out receiving message from renderer: 0.100
[1587576536.477][SEVERE]: Timed out receiving message from renderer: 0.100
[1587576536.581][SEVERE]: Timed out receiving message from renderer: 0.100
[1587576536.686][SEVERE]: Timed out receiving message from renderer: 0.100
[1587576536.796][SEVERE]: Timed out receiving message from renderer: 0.100
[1587576536.910][SEVERE]: Timed out receiving message from renderer: 0.100
[1587576537.018][SEVERE]: Timed out receiving message from renderer: 0.100
[1587576537.210][SEVERE]: Timed out receiving message from renderer: 0.100
[1587576537.326][SEVERE]: Timed out receiving message from renderer: 0.100
[1587576537.436][SEVERE]: Timed out receiving message from renderer: 0.100
[1587576537.548][SEVERE]: Timed out receiving message from renderer: 0.100
[1587576537.655][SEVERE]: Timed out receiving message from renderer: 0.100
[1587576537.770][SEVERE]: Timed out receiving message from renderer: 0.100
[1587576537.883][SEVERE]: Timed out receiving message from renderer: 0.100
[1587576537.992][SEVERE]: Timed out receiving message from renderer: 0.100
[1587576538.098][SEVERE]: Timed out receiving message from renderer: 0.100
[1587576538.204][SEVERE]: Timed out receiving message from renderer: 0.100
[1587576538.309][SEVERE]: Timed out receiving message from renderer: 0.100
[1587576538.413][SEVERE]: Timed out receiving message from renderer: 0.100
[1587576538.521][SEVERE]: Timed out receiving message from renderer: 0.100
[1587576538.631][SEVERE]: Timed out receiving message from renderer: 0.100
[1587576538.747][SEVERE]: Timed out receiving message from renderer: 0.100
[1587576538.853][SEVERE]: Timed out receiving message from renderer: 0.100
[1587576538.959][SEVERE]: Timed out receiving message from renderer: 0.100
[1587576539.068][SEVERE]: Timed out receiving message from renderer: 0.100
[1587576539.176][SEVERE]: Timed out receiving message from renderer: 0.100
[1587576539.288][SEVERE]: Timed out receiving message from renderer: 0.100
[1587576539.395][SEVERE]: Timed out receiving message from renderer: 0.100
[1587576539.500][SEVERE]: Timed out receiving message from renderer: 0.100
[1587576539.605][SEVERE]: Timed out receiving message from renderer: 0.100
[1587576539.709][SEVERE]: Timed out receiving message from renderer: 0.100
[1587576539.812][SEVERE]: Timed out receiving message from renderer: 0.100
[1587576539.915][SEVERE]: Timed out receiving message from renderer: 0.100
[1587576540.030][SEVERE]: Timed out receiving message from renderer: 0.100
[1587576540.133][SEVERE]: Timed out receiving message from renderer: 0.100
[1587576540.235][SEVERE]: Timed out receiving message from renderer: 0.100
[1587576540.338][SEVERE]: Timed out receiving message from renderer: 0.100
[1587576540.442][SEVERE]: Timed out receiving message from renderer: 0.100
[1587576540.547][SEVERE]: Timed out receiving message from renderer: 0.100
[1587576540.926][SEVERE]: Timed out receiving message from renderer: 0.100
[1587576541.031][SEVERE]: Timed out receiving message from renderer: 0.100
[1587576541.136][SEVERE]: Timed out receiving message from renderer: 0.100
[1587576541.242][SEVERE]: Timed out receiving message from renderer: 0.100
[1587576541.352][SEVERE]: Timed out receiving message from renderer: 0.100
[1587576541.457][SEVERE]: Timed out receiving message from renderer: 0.100
[1587576541.565][SEVERE]: Timed out receiving message from renderer: 0.100
[1587576541.677][SEVERE]: Timed out receiving message from renderer: 0.100
[1587576541.792][SEVERE]: Timed out receiving message from renderer: 0.100
[1587576541.896][SEVERE]: Timed out receiving message from renderer: 0.100
[1587576542.006][SEVERE]: Timed out receiving message from renderer: 0.100
[1587576542.117][SEVERE]: Timed out receiving message from renderer: 0.100
[1587576542.298][SEVERE]: Timed out receiving message from renderer: 0.100
[1587576542.407][SEVERE]: Timed out receiving message from renderer: 0.100
[1587576542.517][SEVERE]: Timed out receiving message from renderer: 0.100
[1587576543.053][SEVERE]: Timed out receiving message from renderer: 0.100
[1587576543.167][SEVERE]: Timed out receiving message from renderer: 0.100
[1587576543.271][SEVERE]: Timed out receiving message from renderer: 0.100
[1587576543.396][SEVERE]: Timed out receiving message from renderer: 0.100
[1587576543.514][SEVERE]: Timed out receiving message from renderer: 0.100
[1587576543.617][SEVERE]: Timed out receiving message from renderer: 0.100
[1587576543.726][SEVERE]: Timed out receiving message from renderer: 0.100
[1587576543.909][SEVERE]: Timed out receiving message from renderer: 0.100
[1587576544.013][SEVERE]: Timed out receiving message from renderer: 0.100
[1587576544.225][SEVERE]: Timed out receiving message from renderer: 0.100
[1587576544.403][SEVERE]: Timed out receiving message from renderer: 0.100
[1587576544.510][SEVERE]: Timed out receiving message from renderer: 0.100
[1587576544.641][SEVERE]: Timed out receiving message from renderer: 0.100
[1587576544.747][SEVERE]: Timed out receiving message from renderer: 0.100
[1587576544.855][SEVERE]: Timed out receiving message from renderer: 0.100
[1587576544.976][SEVERE]: Timed out receiving message from renderer: 0.100
[1587576545.082][SEVERE]: Timed out receiving message from renderer: 0.100
[1587576581.093][SEVERE]: Timed out receiving message from renderer: 0.100
[1587576581.206][SEVERE]: Timed out receiving message from renderer: 0.100
[1587576581.312][SEVERE]: Timed out receiving message from renderer: 0.100
[1587576581.419][SEVERE]: Timed out receiving message from renderer: 0.100
[1587576581.535][SEVERE]: Timed out receiving message from renderer: 0.100
[1587576581.660][SEVERE]: Timed out receiving message from renderer: 0.100
[1587576581.827][SEVERE]: Timed out receiving message from renderer: 0.100
[1587576581.950][SEVERE]: Timed out receiving message from renderer: 0.100
[1587576582.056][SEVERE]: Timed out receiving message from renderer: 0.100
[1587576582.176][SEVERE]: Timed out receiving message from renderer: 0.100
[1587576582.286][SEVERE]: Timed out receiving message from renderer: 0.100
[1587576582.399][SEVERE]: Timed out receiving message from renderer: 0.100
[1587576582.515][SEVERE]: Timed out receiving message from renderer: 0.100
[1587576582.620][SEVERE]: Timed out receiving message from renderer: 0.100
[1587576582.728][SEVERE]: Timed out receiving message from renderer: 0.100
[1587576582.844][SEVERE]: Timed out receiving message from renderer: 0.100
[1587576582.972][SEVERE]: Timed out receiving message from renderer: 0.100
[1587576583.081][SEVERE]: Timed out receiving message from renderer: 0.100
[1587576583.189][SEVERE]: Timed out receiving message from renderer: 0.100
[1587576583.299][SEVERE]: Timed out receiving message from renderer: 0.100
[1587576583.412][SEVERE]: Timed out receiving message from renderer: 0.100
[1587576583.526][SEVERE]: Timed out receiving message from renderer: 0.100
[1587576583.636][SEVERE]: Timed out receiving message from renderer: 0.100
[1587576583.756][SEVERE]: Timed out receiving message from renderer: 0.100
[1587576583.865][SEVERE]: Timed out receiving message from renderer: 0.100
[1587576583.972][SEVERE]: Timed out receiving message from renderer: 0.100
[1587576584.082][SEVERE]: Timed out receiving message from renderer: 0.100
[1587576584.190][SEVERE]: Timed out receiving message from renderer: 0.100
[1587576584.303][SEVERE]: Timed out receiving message from renderer: 0.100
[1587576584.409][SEVERE]: Timed out receiving message from renderer: 0.100
[1587576584.515][SEVERE]: Timed out receiving message from renderer: 0.100
[1587576584.623][SEVERE]: Timed out receiving message from renderer: 0.100
[1587576584.731][SEVERE]: Timed out receiving message from renderer: 0.100
[1587576584.843][SEVERE]: Timed out receiving message from renderer: 0.100
[1587576584.950][SEVERE]: Timed out receiving message from renderer: 0.100
[1587576585.055][SEVERE]: Timed out receiving message from renderer: 0.100
[1587576585.160][SEVERE]: Timed out receiving message from renderer: 0.100
[1587576585.270][SEVERE]: Timed out receiving message from renderer: 0.100
[1587576585.377][SEVERE]: Timed out receiving message from renderer: 0.100
[1587576585.484][SEVERE]: Timed out receiving message from renderer: 0.100
[1587576585.599][SEVERE]: Timed out receiving message from renderer: 0.100
[1587576585.706][SEVERE]: Timed out receiving message from renderer: 0.100
[1587576585.819][SEVERE]: Timed out receiving message from renderer: 0.100
[1587576585.934][SEVERE]: Timed out receiving message from renderer: 0.100
[1587576586.042][SEVERE]: Timed out receiving message from renderer: 0.100
[1587576586.152][SEVERE]: Timed out receiving message from renderer: 0.100
[1587576586.258][SEVERE]: Timed out receiving message from renderer: 0.100
[1587576586.379][SEVERE]: Timed out receiving message from renderer: 0.100
[1587576586.492][SEVERE]: Timed out receiving message from renderer: 0.100
[1587576586.603][SEVERE]: Timed out receiving message from renderer: 0.100
[1587576586.710][SEVERE]: Timed out receiving message from renderer: 0.100
[1587576586.824][SEVERE]: Timed out receiving message from renderer: 0.100
[1587576586.932][SEVERE]: Timed out receiving message from renderer: 0.100
[1587576587.039][SEVERE]: Timed out receiving message from renderer: 0.100
[1587576587.151][SEVERE]: Timed out receiving message from renderer: 0.100
[1587576587.258][SEVERE]: Timed out receiving message from renderer: 0.100
[1587576587.368][SEVERE]: Timed out receiving message from renderer: 0.100
[1587576587.475][SEVERE]: Timed out receiving message from renderer: 0.100
[1587576587.584][SEVERE]: Timed out receiving message from renderer: 0.100
[1587576587.693][SEVERE]: Timed out receiving message from renderer: 0.100
[1587576587.805][SEVERE]: Timed out receiving message from renderer: 0.100
[1587576587.911][SEVERE]: Timed out receiving message from renderer: 0.100
[1587576588.020][SEVERE]: Timed out receiving message from renderer: 0.100
[1587576588.135][SEVERE]: Timed out receiving message from renderer: 0.100
[1587576588.245][SEVERE]: Timed out receiving message from renderer: 0.100
[1587576588.351][SEVERE]: Timed out receiving message from renderer: 0.100
[1587576588.457][SEVERE]: Timed out receiving message from renderer: 0.100
[1587576588.565][SEVERE]: Timed out receiving message from renderer: 0.100
[1587576588.673][SEVERE]: Timed out receiving message from renderer: 0.100
[1587576588.788][SEVERE]: Timed out receiving message from renderer: 0.100
[1587576588.895][SEVERE]: Timed out receiving message from renderer: 0.100
[1587576589.011][SEVERE]: Timed out receiving message from renderer: 0.100
[1587576589.116][SEVERE]: Timed out receiving message from renderer: 0.100
[1587576589.223][SEVERE]: Timed out receiving message from renderer: 0.100
[1587576589.331][SEVERE]: Timed out receiving message from renderer: 0.100
[1587576589.442][SEVERE]: Timed out receiving message from renderer: 0.100
[1587576589.553][SEVERE]: Timed out receiving message from renderer: 0.100
[1587576589.661][SEVERE]: Timed out receiving message from renderer: 0.100
[1587576589.769][SEVERE]: Timed out receiving message from renderer: 0.100
[1587576589.876][SEVERE]: Timed out receiving message from renderer: 0.100
[1587576589.989][SEVERE]: Timed out receiving message from renderer: 0.100
[1587576590.098][SEVERE]: Timed out receiving message from renderer: 0.100
[1587576590.207][SEVERE]: Timed out receiving message from renderer: 0.100
[1587576590.313][SEVERE]: Timed out receiving message from renderer: 0.100
[1587576590.427][SEVERE]: Timed out receiving message from renderer: 0.100
[1587576590.538][SEVERE]: Timed out receiving message from renderer: 0.100
[1587576590.645][SEVERE]: Timed out receiving message from renderer: 0.100
[1587576590.757][SEVERE]: Timed out receiving message from renderer: 0.100
[1587576590.864][SEVERE]: Timed out receiving message from renderer: 0.100
[1587576590.969][SEVERE]: Timed out receiving message from renderer: 0.100
[1587576591.077][SEVERE]: Timed out receiving message from renderer: 0.100
[1587576591.183][SEVERE]: Timed out receiving message from renderer: 0.100
[1587576591.289][SEVERE]: Timed out receiving message from renderer: 0.100
[1587576591.398][SEVERE]: Timed out receiving message from renderer: 0.100
[1587576591.510][SEVERE]: Timed out receiving message from renderer: 0.100
[1587576591.620][SEVERE]: Timed out receiving message from renderer: 0.100
[1587576591.726][SEVERE]: Timed out receiving message from renderer: 0.100
[1587576591.835][SEVERE]: Timed out receiving message from renderer: 0.100
[1587576591.943][SEVERE]: Timed out receiving message from renderer: 0.100
[1587576592.052][SEVERE]: Timed out receiving message from renderer: 0.100
[1587576592.159][SEVERE]: Timed out receiving message from renderer: 0.100
[1587576592.269][SEVERE]: Timed out receiving message from renderer: 0.100
[1587576592.374][SEVERE]: Timed out receiving message from renderer: 0.100
[1587576592.490][SEVERE]: Timed out receiving message from renderer: 0.100
[1587576592.612][SEVERE]: Timed out receiving message from renderer: 0.100
[1587576592.724][SEVERE]: Timed out receiving message from renderer: 0.100
[1587576592.833][SEVERE]: Timed out receiving message from renderer: 0.100
[1587576592.941][SEVERE]: Timed out receiving message from renderer: 0.100
[1587576593.051][SEVERE]: Timed out receiving message from renderer: 0.100
[1587576593.157][SEVERE]: Timed out receiving message from renderer: 0.100
[1587576593.264][SEVERE]: Timed out receiving message from renderer: 0.100
[1587576593.371][SEVERE]: Timed out receiving message from renderer: 0.100
[1587576593.479][SEVERE]: Timed out receiving message from renderer: 0.100
[1587576593.597][SEVERE]: Timed out receiving message from renderer: 0.100
[1587576593.703][SEVERE]: Timed out receiving message from renderer: 0.100
[1587576593.815][SEVERE]: Timed out receiving message from renderer: 0.100
[1587576593.923][SEVERE]: Timed out receiving message from renderer: 0.100
[1587576594.035][SEVERE]: Timed out receiving message from renderer: 0.100
[1587576594.142][SEVERE]: Timed out receiving message from renderer: 0.100
[1587576594.247][SEVERE]: Timed out receiving message from renderer: 0.100
[1587576594.359][SEVERE]: Timed out receiving message from renderer: 0.100
[1587576594.471][SEVERE]: Timed out receiving message from renderer: 0.100
[1587576594.576][SEVERE]: Timed out receiving message from renderer: 0.100
[1587576594.685][SEVERE]: Timed out receiving message from renderer: 0.100
[1587576594.794][SEVERE]: Timed out receiving message from renderer: 0.100
[1587576594.911][SEVERE]: Timed out receiving message from renderer: 0.100
[1587576595.026][SEVERE]: Timed out receiving message from renderer: 0.100
[1587576595.145][SEVERE]: Timed out receiving message from renderer: 0.100
[1587576595.255][SEVERE]: Timed out receiving message from renderer: 0.100
[1587576595.369][SEVERE]: Timed out receiving message from renderer: 0.100
[1587576595.481][SEVERE]: Timed out receiving message from renderer: 0.100
[1587576595.594][SEVERE]: Timed out receiving message from renderer: 0.100
[1587576595.700][SEVERE]: Timed out receiving message from renderer: 0.100
[1587576595.808][SEVERE]: Timed out receiving message from renderer: 0.100
[1587576595.916][SEVERE]: Timed out receiving message from renderer: 0.100
[1587576596.025][SEVERE]: Timed out receiving message from renderer: 0.100
[1587576596.144][SEVERE]: Timed out receiving message from renderer: 0.100
[1587576596.250][SEVERE]: Timed out receiving message from renderer: 0.100
[1587576596.363][SEVERE]: Timed out receiving message from renderer: 0.100
[1587576596.474][SEVERE]: Timed out receiving message from renderer: 0.100
[1587576596.585][SEVERE]: Timed out receiving message from renderer: 0.100
[1587576596.692][SEVERE]: Timed out receiving message from renderer: 0.100
[1587576596.800][SEVERE]: Timed out receiving message from renderer: 0.100
[1587576596.908][SEVERE]: Timed out receiving message from renderer: 0.100
[1587576597.017][SEVERE]: Timed out receiving message from renderer: 0.100
[1587576597.122][SEVERE]: Timed out receiving message from renderer: 0.100
[1587576597.231][SEVERE]: Timed out receiving message from renderer: 0.100
[1587576597.345][SEVERE]: Timed out receiving message from renderer: 0.100
[1587576597.452][SEVERE]: Timed out receiving message from renderer: 0.100
[1587576597.557][SEVERE]: Timed out receiving message from renderer: 0.100
[1587576597.667][SEVERE]: Timed out receiving message from renderer: 0.100
[1587576597.774][SEVERE]: Timed out receiving message from renderer: 0.100
[1587576597.894][SEVERE]: Timed out receiving message from renderer: 0.100
[1587576598.068][SEVERE]: Timed out receiving message from renderer: 0.100
[1587576598.179][SEVERE]: Timed out receiving message from renderer: 0.100
[1587576598.289][SEVERE]: Timed out receiving message from renderer: 0.100
[1587576598.399][SEVERE]: Timed out receiving message from renderer: 0.100
[1587576598.506][SEVERE]: Timed out receiving message from renderer: 0.100
[1587576598.614][SEVERE]: Timed out receiving message from renderer: 0.100
[1587576598.726][SEVERE]: Timed out receiving message from renderer: 0.100
[1587576598.832][SEVERE]: Timed out receiving message from renderer: 0.100
[1587576598.939][SEVERE]: Timed out receiving message from renderer: 0.100
[1587576599.055][SEVERE]: Timed out receiving message from renderer: 0.100
[1587576599.163][SEVERE]: Timed out receiving message from renderer: 0.100
[1587576599.271][SEVERE]: Timed out receiving message from renderer: 0.100
[1587576599.383][SEVERE]: Timed out receiving message from renderer: 0.100
[1587576599.492][SEVERE]: Timed out receiving message from renderer: 0.100
[1587576599.597][SEVERE]: Timed out receiving message from renderer: 0.100
[1587576599.704][SEVERE]: Timed out receiving message from renderer: 0.100
[1587576599.811][SEVERE]: Timed out receiving message from renderer: 0.100
[1587576599.922][SEVERE]: Timed out receiving message from renderer: 0.100
[1587576600.044][SEVERE]: Timed out receiving message from renderer: 0.100
[1587576600.166][SEVERE]: Timed out receiving message from renderer: 0.100
[1587576600.273][SEVERE]: Timed out receiving message from renderer: 0.100
[1587576600.383][SEVERE]: Timed out receiving message from renderer: 0.100
[1587576600.488][SEVERE]: Timed out receiving message from renderer: 0.100
[1587576600.597][SEVERE]: Timed out receiving message from renderer: 0.100
[1587576600.704][SEVERE]: Timed out receiving message from renderer: 0.100
[1587576600.813][SEVERE]: Timed out receiving message from renderer: 0.100
[1587576600.921][SEVERE]: Timed out receiving message from renderer: 0.100
[1587576601.031][SEVERE]: Timed out receiving message from renderer: 0.100
[1587576601.138][SEVERE]: Timed out receiving message from renderer: 0.100
[1587576601.248][SEVERE]: Timed out receiving message from renderer: 0.100
[1587576601.368][SEVERE]: Timed out receiving message from renderer: 0.100
[1587576601.476][SEVERE]: Timed out receiving message from renderer: 0.100
[1587576601.582][SEVERE]: Timed out receiving message from renderer: 0.100
[1587576601.691][SEVERE]: Timed out receiving message from renderer: 0.100
[1587576601.801][SEVERE]: Timed out receiving message from renderer: 0.100
[1587576601.910][SEVERE]: Timed out receiving message from renderer: 0.100
[1587576602.016][SEVERE]: Timed out receiving message from renderer: 0.100
[1587576602.126][SEVERE]: Timed out receiving message from renderer: 0.100
[1587576602.239][SEVERE]: Timed out receiving message from renderer: 0.100
[1587576602.362][SEVERE]: Timed out receiving message from renderer: 0.100
[1587576602.472][SEVERE]: Timed out receiving message from renderer: 0.100
[1587576602.579][SEVERE]: Timed out receiving message from renderer: 0.100
[1587576602.689][SEVERE]: Timed out receiving message from renderer: 0.100
[1587576602.806][SEVERE]: Timed out receiving message from renderer: 0.100
[1587576602.913][SEVERE]: Timed out receiving message from renderer: 0.100
[1587576603.022][SEVERE]: Timed out receiving message from renderer: 0.100
[1587576603.222][SEVERE]: Timed out receiving message from renderer: 0.100
[1587576603.327][SEVERE]: Timed out receiving message from renderer: 0.100
[1587576603.442][SEVERE]: Timed out receiving message from renderer: 0.100
[1587576603.552][SEVERE]: Timed out receiving message from renderer: 0.100
[1587576603.659][SEVERE]: Timed out receiving message from renderer: 0.100
[1587576603.771][SEVERE]: Timed out receiving message from renderer: 0.100
[1587576603.874][SEVERE]: Timed out receiving message from renderer: 0.100
[1587576603.976][SEVERE]: Timed out receiving message from renderer: 0.100
[1587576604.083][SEVERE]: Timed out receiving message from renderer: 0.100
[1587576604.187][SEVERE]: Timed out receiving message from renderer: 0.100
[1587576604.293][SEVERE]: Timed out receiving message from renderer: 0.100
[1587576604.403][SEVERE]: Timed out receiving message from renderer: 0.100
[1587576604.513][SEVERE]: Timed out receiving message from renderer: 0.100
[1587576604.619][SEVERE]: Timed out receiving message from renderer: 0.100
[1587576604.726][SEVERE]: Timed out receiving message from renderer: 0.100
[1587576604.834][SEVERE]: Timed out receiving message from renderer: 0.100
[1587576604.949][SEVERE]: Timed out receiving message from renderer: 0.100
[1587576605.055][SEVERE]: Timed out receiving message from renderer: 0.100
[1587576605.161][SEVERE]: Timed out receiving message from renderer: 0.100
[1587576605.270][SEVERE]: Timed out receiving message from renderer: 0.100
[1587576605.383][SEVERE]: Timed out receiving message from renderer: 0.100
[1587576605.492][SEVERE]: Timed out receiving message from renderer: 0.100
[1587576605.594][SEVERE]: Timed out receiving message from renderer: 0.100
[1587576605.700][SEVERE]: Timed out receiving message from renderer: 0.100
[1587576605.807][SEVERE]: Timed out receiving message from renderer: 0.100
[1587576605.913][SEVERE]: Timed out receiving message from renderer: 0.100
[1587576606.019][SEVERE]: Timed out receiving message from renderer: 0.100
[1587576606.128][SEVERE]: Timed out receiving message from renderer: 0.100
[1587576606.235][SEVERE]: Timed out receiving message from renderer: 0.100
[1587576606.343][SEVERE]: Timed out receiving message from renderer: 0.100
[1587576606.449][SEVERE]: Timed out receiving message from renderer: 0.100
[1587576606.555][SEVERE]: Timed out receiving message from renderer: 0.100
[1587576606.663][SEVERE]: Timed out receiving message from renderer: 0.100
[1587576606.770][SEVERE]: Timed out receiving message from renderer: 0.100
[1587576606.877][SEVERE]: Timed out receiving message from renderer: 0.100
[1587576606.986][SEVERE]: Timed out receiving message from renderer: 0.100
[1587576607.094][SEVERE]: Timed out receiving message from renderer: 0.100
[1587576607.201][SEVERE]: Timed out receiving message from renderer: 0.100
[1587576607.327][SEVERE]: Timed out receiving message from renderer: 0.100
[1587576607.429][SEVERE]: Timed out receiving message from renderer: 0.100
[1587576607.535][SEVERE]: Timed out receiving message from renderer: 0.100
[1587576607.646][SEVERE]: Timed out receiving message from renderer: 0.100
[1587576607.755][SEVERE]: Timed out receiving message from renderer: 0.100
[1587576607.863][SEVERE]: Timed out receiving message from renderer: 0.100
[1587576607.974][SEVERE]: Timed out receiving message from renderer: 0.100
[1587576608.086][SEVERE]: Timed out receiving message from renderer: 0.100
[1587576608.203][SEVERE]: Timed out receiving message from renderer: 0.100
[1587576608.308][SEVERE]: Timed out receiving message from renderer: 0.100
[1587576608.411][SEVERE]: Timed out receiving message from renderer: 0.100
[1587576608.517][SEVERE]: Timed out receiving message from renderer: 0.100
[1587576608.626][SEVERE]: Timed out receiving message from renderer: 0.100
[1587576608.733][SEVERE]: Timed out receiving message from renderer: 0.100
[1587576608.841][SEVERE]: Timed out receiving message from renderer: 0.100
[1587576608.947][SEVERE]: Timed out receiving message from renderer: 0.100
[1587576609.055][SEVERE]: Timed out receiving message from renderer: 0.100
[1587576609.161][SEVERE]: Timed out receiving message from renderer: 0.100
[1587576609.269][SEVERE]: Timed out receiving message from renderer: 0.100
[1587576609.376][SEVERE]: Timed out receiving message from renderer: 0.100
[1587576609.484][SEVERE]: Timed out receiving message from renderer: 0.100
[1587576609.593][SEVERE]: Timed out receiving message from renderer: 0.100
[1587576609.699][SEVERE]: Timed out receiving message from renderer: 0.100
[1587576609.808][SEVERE]: Timed out receiving message from renderer: 0.100
[1587576609.916][SEVERE]: Timed out receiving message from renderer: 0.100
[1587576610.034][SEVERE]: Timed out receiving message from renderer: 0.100
[1587576610.139][SEVERE]: Timed out receiving message from renderer: 0.100
[1587576610.246][SEVERE]: Timed out receiving message from renderer: 0.100
[1587576610.354][SEVERE]: Timed out receiving message from renderer: 0.100
[1587576610.463][SEVERE]: Timed out receiving message from renderer: 0.100
[1587576610.577][SEVERE]: Timed out receiving message from renderer: 0.100
[1587576610.688][SEVERE]: Timed out receiving message from renderer: 0.100
[1587576610.795][SEVERE]: Timed out receiving message from renderer: 0.100
[1587576610.911][SEVERE]: Timed out receiving message from renderer: 0.100
[1587576611.022][SEVERE]: Timed out receiving message from renderer: 0.100
[1587576611.130][SEVERE]: Timed out receiving message from renderer: 0.100
[1587576611.240][SEVERE]: Timed out receiving message from renderer: 0.100
[1587576611.347][SEVERE]: Timed out receiving message from renderer: 0.100
[1587576611.451][SEVERE]: Timed out receiving message from renderer: 0.100
[1587576612.811][SEVERE]: Timed out receiving message from renderer: 0.100
[1587576612.915][SEVERE]: Timed out receiving message from renderer: 0.100
[1587576613.020][SEVERE]: Timed out receiving message from renderer: 0.100
[1587576613.130][SEVERE]: Timed out receiving message from renderer: 0.100
[1587576613.290][SEVERE]: Timed out receiving message from renderer: 0.100
[1587576613.408][SEVERE]: Timed out receiving message from renderer: 0.100
[1587576613.518][SEVERE]: Timed out receiving message from renderer: 0.100
[1587576613.624][SEVERE]: Timed out receiving message from renderer: 0.100
[1587576613.827][SEVERE]: Timed out receiving message from renderer: 0.100
[1587576613.935][SEVERE]: Timed out receiving message from renderer: 0.100
[1587576614.039][SEVERE]: Timed out receiving message from renderer: 0.100
[1587576614.146][SEVERE]: Timed out receiving message from renderer: 0.100
[1587576614.256][SEVERE]: Timed out receiving message from renderer: 0.100
[1587576614.395][SEVERE]: Timed out receiving message from renderer: 0.100
[1587576614.701][SEVERE]: Timed out receiving message from renderer: 0.100
[1587576614.805][SEVERE]: Timed out receiving message from renderer: 0.100
[1587576614.912][SEVERE]: Timed out receiving message from renderer: 0.100
[1587576615.018][SEVERE]: Timed out receiving message from renderer: 0.100
[1587576615.149][SEVERE]: Timed out receiving message from renderer: 0.100
[1587576615.257][SEVERE]: Timed out receiving message from renderer: 0.100
[1587576615.363][SEVERE]: Timed out receiving message from renderer: 0.100
[1587576615.559][SEVERE]: Timed out receiving message from renderer: 0.100
]]></system-err>
</testsuite>
