<?xml version="1.0" encoding="UTF-8"?>
<testsuite name="com.qa.trello.tests.TeamChangeTests" tests="1" skipped="0" failures="0" errors="0" timestamp="2020-04-28T15:34:57" hostname="DESKTOP-NPA4CH3" time="8.504">
  <properties/>
  <testcase name="changeTeamTests" classname="com.qa.trello.tests.TeamChangeTests" time="8.504"/>
  <system-out><![CDATA[]]></system-out>
  <system-err><![CDATA[Starting ChromeDriver 81.0.4044.69 (6813546031a4bc83f717a2ef7cd4ac6ec1199132-refs/branch-heads/4044@{#776}) on port 48722
Only local connections are allowed.
Please protect ports used by ChromeDriver and related test frameworks to prevent access by malicious code.
апр 28, 2020 6:32:47 PM org.openqa.selenium.remote.ProtocolHandshake createSession
INFO: Detected dialect: W3C
[1588087971.317][SEVERE]: Timed out receiving message from renderer: 0.100
[1588087971.421][SEVERE]: Timed out receiving message from renderer: 0.100
[1588087971.527][SEVERE]: Timed out receiving message from renderer: 0.100
[1588087971.634][SEVERE]: Timed out receiving message from renderer: 0.100
[1588087971.739][SEVERE]: Timed out receiving message from renderer: 0.100
[1588087971.846][SEVERE]: Timed out receiving message from renderer: 0.100
[1588087971.955][SEVERE]: Timed out receiving message from renderer: 0.100
[1588087972.059][SEVERE]: Timed out receiving message from renderer: 0.100
[1588087972.168][SEVERE]: Timed out receiving message from renderer: 0.100
[1588087972.285][SEVERE]: Timed out receiving message from renderer: 0.100
[1588087972.401][SEVERE]: Timed out receiving message from renderer: 0.100
[1588087972.505][SEVERE]: Timed out receiving message from renderer: 0.100
[1588087972.609][SEVERE]: Timed out receiving message from renderer: 0.100
[1588087972.717][SEVERE]: Timed out receiving message from renderer: 0.100
[1588087972.826][SEVERE]: Timed out receiving message from renderer: 0.100
[1588087972.939][SEVERE]: Timed out receiving message from renderer: 0.100
[1588087973.045][SEVERE]: Timed out receiving message from renderer: 0.100
[1588087973.152][SEVERE]: Timed out receiving message from renderer: 0.100
[1588087973.255][SEVERE]: Timed out receiving message from renderer: 0.100
[1588087973.363][SEVERE]: Timed out receiving message from renderer: 0.100
[1588087973.471][SEVERE]: Timed out receiving message from renderer: 0.100
[1588087973.590][SEVERE]: Timed out receiving message from renderer: 0.100
[1588087973.698][SEVERE]: Timed out receiving message from renderer: 0.100
[1588087973.804][SEVERE]: Timed out receiving message from renderer: 0.100
[1588087973.918][SEVERE]: Timed out receiving message from renderer: 0.100
[1588087974.024][SEVERE]: Timed out receiving message from renderer: 0.100
[1588087974.132][SEVERE]: Timed out receiving message from renderer: 0.100
[1588087974.239][SEVERE]: Timed out receiving message from renderer: 0.100
[1588087974.348][SEVERE]: Timed out receiving message from renderer: 0.100
[1588087974.454][SEVERE]: Timed out receiving message from renderer: 0.100
[1588087974.557][SEVERE]: Timed out receiving message from renderer: 0.100
[1588087974.660][SEVERE]: Timed out receiving message from renderer: 0.100
[1588087974.762][SEVERE]: Timed out receiving message from renderer: 0.100
[1588087974.864][SEVERE]: Timed out receiving message from renderer: 0.100
[1588087974.971][SEVERE]: Timed out receiving message from renderer: 0.100
[1588087975.073][SEVERE]: Timed out receiving message from renderer: 0.100
[1588087975.178][SEVERE]: Timed out receiving message from renderer: 0.100
[1588087975.283][SEVERE]: Timed out receiving message from renderer: 0.100
[1588087975.390][SEVERE]: Timed out receiving message from renderer: 0.100
[1588087975.498][SEVERE]: Timed out receiving message from renderer: 0.100
[1588087975.603][SEVERE]: Timed out receiving message from renderer: 0.100
[1588087975.711][SEVERE]: Timed out receiving message from renderer: 0.100
[1588087975.815][SEVERE]: Timed out receiving message from renderer: 0.100
[1588087975.918][SEVERE]: Timed out receiving message from renderer: 0.100
[1588087976.469][SEVERE]: Timed out receiving message from renderer: 0.100
[1588087976.576][SEVERE]: Timed out receiving message from renderer: 0.100
[1588087976.678][SEVERE]: Timed out receiving message from renderer: 0.100
[1588087976.782][SEVERE]: Timed out receiving message from renderer: 0.100
[1588087976.885][SEVERE]: Timed out receiving message from renderer: 0.100
[1588087976.987][SEVERE]: Timed out receiving message from renderer: 0.100
[1588087977.091][SEVERE]: Timed out receiving message from renderer: 0.100
[1588087977.193][SEVERE]: Timed out receiving message from renderer: 0.100
[1588087977.297][SEVERE]: Timed out receiving message from renderer: 0.100
[1588087977.401][SEVERE]: Timed out receiving message from renderer: 0.100
[1588087977.521][SEVERE]: Timed out receiving message from renderer: 0.100
[1588087977.627][SEVERE]: Timed out receiving message from renderer: 0.100
[1588087977.728][SEVERE]: Timed out receiving message from renderer: 0.100
[1588087977.834][SEVERE]: Timed out receiving message from renderer: 0.100
[1588087977.936][SEVERE]: Timed out receiving message from renderer: 0.100
[1588087978.040][SEVERE]: Timed out receiving message from renderer: 0.100
[1588087978.145][SEVERE]: Timed out receiving message from renderer: 0.100
[1588087978.250][SEVERE]: Timed out receiving message from renderer: 0.100
[1588087978.353][SEVERE]: Timed out receiving message from renderer: 0.100
[1588087978.456][SEVERE]: Timed out receiving message from renderer: 0.100
[1588087978.562][SEVERE]: Timed out receiving message from renderer: 0.100
[1588087978.665][SEVERE]: Timed out receiving message from renderer: 0.100
[1588087978.769][SEVERE]: Timed out receiving message from renderer: 0.100
[1588087978.876][SEVERE]: Timed out receiving message from renderer: 0.100
[1588087978.978][SEVERE]: Timed out receiving message from renderer: 0.100
[1588087979.079][SEVERE]: Timed out receiving message from renderer: 0.100
[1588087979.183][SEVERE]: Timed out receiving message from renderer: 0.100
[1588087979.304][SEVERE]: Timed out receiving message from renderer: 0.100
[1588087979.409][SEVERE]: Timed out receiving message from renderer: 0.100
[1588087979.512][SEVERE]: Timed out receiving message from renderer: 0.100
[1588087979.616][SEVERE]: Timed out receiving message from renderer: 0.100
[1588087979.722][SEVERE]: Timed out receiving message from renderer: 0.100
[1588087979.996][SEVERE]: Timed out receiving message from renderer: 0.100
[1588087980.102][SEVERE]: Timed out receiving message from renderer: 0.100
[1588087980.205][SEVERE]: Timed out receiving message from renderer: 0.100
[1588087980.310][SEVERE]: Timed out receiving message from renderer: 0.100
[1588087980.414][SEVERE]: Timed out receiving message from renderer: 0.100
[1588087980.519][SEVERE]: Timed out receiving message from renderer: 0.100
[1588087980.624][SEVERE]: Timed out receiving message from renderer: 0.100
[1588087980.725][SEVERE]: Timed out receiving message from renderer: 0.100
[1588087980.827][SEVERE]: Timed out receiving message from renderer: 0.100
[1588087980.931][SEVERE]: Timed out receiving message from renderer: 0.100
[1588087981.039][SEVERE]: Timed out receiving message from renderer: 0.100
[1588087981.141][SEVERE]: Timed out receiving message from renderer: 0.100
[1588087981.243][SEVERE]: Timed out receiving message from renderer: 0.100
[1588087981.349][SEVERE]: Timed out receiving message from renderer: 0.100
[1588087981.455][SEVERE]: Timed out receiving message from renderer: 0.100
[1588087981.563][SEVERE]: Timed out receiving message from renderer: 0.100
[1588087981.668][SEVERE]: Timed out receiving message from renderer: 0.100
[1588087981.775][SEVERE]: Timed out receiving message from renderer: 0.100
[1588087981.880][SEVERE]: Timed out receiving message from renderer: 0.100
[1588087981.988][SEVERE]: Timed out receiving message from renderer: 0.100
[1588087982.091][SEVERE]: Timed out receiving message from renderer: 0.100
[1588087982.196][SEVERE]: Timed out receiving message from renderer: 0.100
[1588087982.298][SEVERE]: Timed out receiving message from renderer: 0.100
[1588087982.404][SEVERE]: Timed out receiving message from renderer: 0.100
[1588087982.508][SEVERE]: Timed out receiving message from renderer: 0.100
[1588087982.616][SEVERE]: Timed out receiving message from renderer: 0.100
[1588087982.723][SEVERE]: Timed out receiving message from renderer: 0.100
[1588087982.830][SEVERE]: Timed out receiving message from renderer: 0.100
[1588087982.937][SEVERE]: Timed out receiving message from renderer: 0.100
[1588087983.045][SEVERE]: Timed out receiving message from renderer: 0.100
[1588087983.151][SEVERE]: Timed out receiving message from renderer: 0.100
[1588087983.257][SEVERE]: Timed out receiving message from renderer: 0.100
[1588087983.361][SEVERE]: Timed out receiving message from renderer: 0.100
[1588087983.465][SEVERE]: Timed out receiving message from renderer: 0.100
[1588087983.573][SEVERE]: Timed out receiving message from renderer: 0.100
[1588087983.682][SEVERE]: Timed out receiving message from renderer: 0.100
[1588087983.791][SEVERE]: Timed out receiving message from renderer: 0.100
[1588087983.895][SEVERE]: Timed out receiving message from renderer: 0.100
[1588087984.106][SEVERE]: Timed out receiving message from renderer: 0.100
[1588087984.209][SEVERE]: Timed out receiving message from renderer: 0.100
[1588087984.316][SEVERE]: Timed out receiving message from renderer: 0.100
[1588087984.424][SEVERE]: Timed out receiving message from renderer: 0.100
[1588087984.533][SEVERE]: Timed out receiving message from renderer: 0.100
[1588087984.639][SEVERE]: Timed out receiving message from renderer: 0.100
[1588087984.744][SEVERE]: Timed out receiving message from renderer: 0.100
[1588087984.850][SEVERE]: Timed out receiving message from renderer: 0.100
[1588087984.972][SEVERE]: Timed out receiving message from renderer: 0.100
[1588087985.082][SEVERE]: Timed out receiving message from renderer: 0.100
[1588087985.190][SEVERE]: Timed out receiving message from renderer: 0.100
[1588087985.296][SEVERE]: Timed out receiving message from renderer: 0.100
[1588087985.401][SEVERE]: Timed out receiving message from renderer: 0.100
[1588087985.507][SEVERE]: Timed out receiving message from renderer: 0.100
[1588087985.615][SEVERE]: Timed out receiving message from renderer: 0.100
[1588087985.722][SEVERE]: Timed out receiving message from renderer: 0.100
[1588087985.830][SEVERE]: Timed out receiving message from renderer: 0.100
[1588087985.942][SEVERE]: Timed out receiving message from renderer: 0.100
[1588087986.050][SEVERE]: Timed out receiving message from renderer: 0.100
[1588087986.200][SEVERE]: Timed out receiving message from renderer: 0.100
[1588087986.305][SEVERE]: Timed out receiving message from renderer: 0.100
[1588087986.411][SEVERE]: Timed out receiving message from renderer: 0.100
[1588087986.518][SEVERE]: Timed out receiving message from renderer: 0.100
[1588087986.626][SEVERE]: Timed out receiving message from renderer: 0.100
[1588087986.733][SEVERE]: Timed out receiving message from renderer: 0.100
[1588087986.840][SEVERE]: Timed out receiving message from renderer: 0.100
[1588087986.950][SEVERE]: Timed out receiving message from renderer: 0.100
[1588087987.061][SEVERE]: Timed out receiving message from renderer: 0.100
[1588087987.171][SEVERE]: Timed out receiving message from renderer: 0.100
[1588087987.277][SEVERE]: Timed out receiving message from renderer: 0.100
[1588087987.571][SEVERE]: Timed out receiving message from renderer: 0.100
[1588087987.675][SEVERE]: Timed out receiving message from renderer: 0.100
[1588087987.785][SEVERE]: Timed out receiving message from renderer: 0.100
[1588087987.891][SEVERE]: Timed out receiving message from renderer: 0.100
[1588087987.997][SEVERE]: Timed out receiving message from renderer: 0.100
[1588087988.105][SEVERE]: Timed out receiving message from renderer: 0.100
[1588087988.213][SEVERE]: Timed out receiving message from renderer: 0.100
[1588087988.323][SEVERE]: Timed out receiving message from renderer: 0.100
[1588087988.428][SEVERE]: Timed out receiving message from renderer: 0.100
[1588087988.534][SEVERE]: Timed out receiving message from renderer: 0.100
[1588087988.642][SEVERE]: Timed out receiving message from renderer: 0.100
[1588087988.847][SEVERE]: Timed out receiving message from renderer: 0.100
[1588087988.954][SEVERE]: Timed out receiving message from renderer: 0.100
[1588087989.112][SEVERE]: Timed out receiving message from renderer: 0.100
[1588087989.222][SEVERE]: Timed out receiving message from renderer: 0.100
[1588087989.327][SEVERE]: Timed out receiving message from renderer: 0.100
[1588087989.434][SEVERE]: Timed out receiving message from renderer: 0.100
[1588087989.538][SEVERE]: Timed out receiving message from renderer: 0.100
[1588087989.665][SEVERE]: Timed out receiving message from renderer: 0.100
[1588087989.784][SEVERE]: Timed out receiving message from renderer: 0.100
[1588087989.887][SEVERE]: Timed out receiving message from renderer: 0.100
[1588087989.993][SEVERE]: Timed out receiving message from renderer: 0.100
[1588087990.108][SEVERE]: Timed out receiving message from renderer: 0.100
[1588087990.249][SEVERE]: Timed out receiving message from renderer: 0.100
[1588087990.359][SEVERE]: Timed out receiving message from renderer: 0.100
[1588087990.468][SEVERE]: Timed out receiving message from renderer: 0.100
[1588087990.578][SEVERE]: Timed out receiving message from renderer: 0.100
[1588087990.686][SEVERE]: Timed out receiving message from renderer: 0.100
[1588087990.795][SEVERE]: Timed out receiving message from renderer: 0.100
[1588087990.905][SEVERE]: Timed out receiving message from renderer: 0.100
[1588087991.014][SEVERE]: Timed out receiving message from renderer: 0.100
[1588087991.124][SEVERE]: Timed out receiving message from renderer: 0.100
[1588087991.246][SEVERE]: Timed out receiving message from renderer: 0.100
[1588087991.368][SEVERE]: Timed out receiving message from renderer: 0.100
[1588087991.483][SEVERE]: Timed out receiving message from renderer: 0.100
[1588087991.587][SEVERE]: Timed out receiving message from renderer: 0.100
[1588087991.694][SEVERE]: Timed out receiving message from renderer: 0.100
[1588087991.805][SEVERE]: Timed out receiving message from renderer: 0.100
[1588087991.910][SEVERE]: Timed out receiving message from renderer: 0.100
[1588087992.021][SEVERE]: Timed out receiving message from renderer: 0.100
[1588087992.126][SEVERE]: Timed out receiving message from renderer: 0.100
[1588087992.231][SEVERE]: Timed out receiving message from renderer: 0.100
[1588087992.333][SEVERE]: Timed out receiving message from renderer: 0.100
[1588087992.435][SEVERE]: Timed out receiving message from renderer: 0.100
[1588087992.538][SEVERE]: Timed out receiving message from renderer: 0.100
[1588087992.641][SEVERE]: Timed out receiving message from renderer: 0.100
[1588087992.752][SEVERE]: Timed out receiving message from renderer: 0.100
[1588087992.857][SEVERE]: Timed out receiving message from renderer: 0.100
[1588087992.966][SEVERE]: Timed out receiving message from renderer: 0.100
[1588087993.073][SEVERE]: Timed out receiving message from renderer: 0.100
[1588087993.183][SEVERE]: Timed out receiving message from renderer: 0.100
[1588087993.290][SEVERE]: Timed out receiving message from renderer: 0.100
[1588087993.399][SEVERE]: Timed out receiving message from renderer: 0.100
[1588087993.505][SEVERE]: Timed out receiving message from renderer: 0.100
[1588087993.612][SEVERE]: Timed out receiving message from renderer: 0.100
[1588087993.719][SEVERE]: Timed out receiving message from renderer: 0.100
[1588087993.825][SEVERE]: Timed out receiving message from renderer: 0.100
[1588087993.933][SEVERE]: Timed out receiving message from renderer: 0.100
[1588087994.042][SEVERE]: Timed out receiving message from renderer: 0.100
[1588087994.150][SEVERE]: Timed out receiving message from renderer: 0.100
[1588087994.254][SEVERE]: Timed out receiving message from renderer: 0.100
[1588087994.361][SEVERE]: Timed out receiving message from renderer: 0.100
[1588087994.470][SEVERE]: Timed out receiving message from renderer: 0.100
[1588087994.580][SEVERE]: Timed out receiving message from renderer: 0.100
[1588087994.690][SEVERE]: Timed out receiving message from renderer: 0.100
[1588087994.799][SEVERE]: Timed out receiving message from renderer: 0.100
[1588087994.906][SEVERE]: Timed out receiving message from renderer: 0.100
[1588087995.014][SEVERE]: Timed out receiving message from renderer: 0.100
[1588087995.122][SEVERE]: Timed out receiving message from renderer: 0.100
[1588087995.233][SEVERE]: Timed out receiving message from renderer: 0.100
[1588087995.338][SEVERE]: Timed out receiving message from renderer: 0.100
[1588087995.448][SEVERE]: Timed out receiving message from renderer: 0.100
[1588087995.557][SEVERE]: Timed out receiving message from renderer: 0.100
[1588087995.665][SEVERE]: Timed out receiving message from renderer: 0.100
[1588087995.773][SEVERE]: Timed out receiving message from renderer: 0.100
[1588087995.880][SEVERE]: Timed out receiving message from renderer: 0.100
[1588087995.987][SEVERE]: Timed out receiving message from renderer: 0.100
[1588087996.099][SEVERE]: Timed out receiving message from renderer: 0.100
[1588087996.208][SEVERE]: Timed out receiving message from renderer: 0.100
[1588087996.316][SEVERE]: Timed out receiving message from renderer: 0.100
[1588087996.424][SEVERE]: Timed out receiving message from renderer: 0.100
[1588087996.531][SEVERE]: Timed out receiving message from renderer: 0.100
[1588087996.641][SEVERE]: Timed out receiving message from renderer: 0.100
[1588087996.751][SEVERE]: Timed out receiving message from renderer: 0.100
[1588087996.857][SEVERE]: Timed out receiving message from renderer: 0.100
[1588087996.967][SEVERE]: Timed out receiving message from renderer: 0.100
[1588087997.078][SEVERE]: Timed out receiving message from renderer: 0.100
[1588087997.185][SEVERE]: Timed out receiving message from renderer: 0.100
[1588087997.292][SEVERE]: Timed out receiving message from renderer: 0.100
[1588087997.403][SEVERE]: Timed out receiving message from renderer: 0.100
[1588087997.515][SEVERE]: Timed out receiving message from renderer: 0.100
[1588087997.623][SEVERE]: Timed out receiving message from renderer: 0.100
[1588087997.730][SEVERE]: Timed out receiving message from renderer: 0.100
[1588087997.836][SEVERE]: Timed out receiving message from renderer: 0.100
[1588087997.944][SEVERE]: Timed out receiving message from renderer: 0.100
[1588087998.050][SEVERE]: Timed out receiving message from renderer: 0.100
[1588087998.163][SEVERE]: Timed out receiving message from renderer: 0.100
[1588087998.275][SEVERE]: Timed out receiving message from renderer: 0.100
[1588087998.386][SEVERE]: Timed out receiving message from renderer: 0.100
[1588087998.498][SEVERE]: Timed out receiving message from renderer: 0.100
[1588087998.610][SEVERE]: Timed out receiving message from renderer: 0.100
[1588087998.718][SEVERE]: Timed out receiving message from renderer: 0.100
[1588087998.825][SEVERE]: Timed out receiving message from renderer: 0.100
[1588087998.964][SEVERE]: Timed out receiving message from renderer: 0.100
[1588087999.066][SEVERE]: Timed out receiving message from renderer: 0.100
[1588087999.171][SEVERE]: Timed out receiving message from renderer: 0.100
[1588087999.275][SEVERE]: Timed out receiving message from renderer: 0.100
[1588087999.380][SEVERE]: Timed out receiving message from renderer: 0.100
[1588087999.481][SEVERE]: Timed out receiving message from renderer: 0.100
[1588087999.584][SEVERE]: Timed out receiving message from renderer: 0.100
[1588087999.687][SEVERE]: Timed out receiving message from renderer: 0.100
[1588087999.790][SEVERE]: Timed out receiving message from renderer: 0.100
[1588087999.897][SEVERE]: Timed out receiving message from renderer: 0.100
[1588087999.999][SEVERE]: Timed out receiving message from renderer: 0.100
[1588088000.104][SEVERE]: Timed out receiving message from renderer: 0.100
[1588088000.210][SEVERE]: Timed out receiving message from renderer: 0.100
[1588088000.318][SEVERE]: Timed out receiving message from renderer: 0.100
[1588088000.426][SEVERE]: Timed out receiving message from renderer: 0.100
[1588088000.630][SEVERE]: Timed out receiving message from renderer: 0.100
[1588088000.736][SEVERE]: Timed out receiving message from renderer: 0.100
[1588088000.845][SEVERE]: Timed out receiving message from renderer: 0.100
[1588088000.956][SEVERE]: Timed out receiving message from renderer: 0.100
[1588088001.064][SEVERE]: Timed out receiving message from renderer: 0.100
[1588088001.173][SEVERE]: Timed out receiving message from renderer: 0.100
[1588088001.279][SEVERE]: Timed out receiving message from renderer: 0.100
[1588088001.385][SEVERE]: Timed out receiving message from renderer: 0.100
[1588088001.492][SEVERE]: Timed out receiving message from renderer: 0.100
[1588088001.597][SEVERE]: Timed out receiving message from renderer: 0.100
[1588088001.703][SEVERE]: Timed out receiving message from renderer: 0.100
[1588088001.808][SEVERE]: Timed out receiving message from renderer: 0.100
[1588088001.915][SEVERE]: Timed out receiving message from renderer: 0.100
[1588088002.022][SEVERE]: Timed out receiving message from renderer: 0.100
[1588088002.133][SEVERE]: Timed out receiving message from renderer: 0.100
[1588088002.245][SEVERE]: Timed out receiving message from renderer: 0.100
[1588088002.355][SEVERE]: Timed out receiving message from renderer: 0.100
[1588088002.466][SEVERE]: Timed out receiving message from renderer: 0.100
[1588088002.674][SEVERE]: Timed out receiving message from renderer: 0.100
[1588088002.782][SEVERE]: Timed out receiving message from renderer: 0.100
[1588088002.892][SEVERE]: Timed out receiving message from renderer: 0.100
[1588088003.001][SEVERE]: Timed out receiving message from renderer: 0.100
[1588088003.111][SEVERE]: Timed out receiving message from renderer: 0.100
[1588088003.333][SEVERE]: Timed out receiving message from renderer: 0.100
[1588088003.441][SEVERE]: Timed out receiving message from renderer: 0.100
[1588088003.549][SEVERE]: Timed out receiving message from renderer: 0.100
[1588088003.658][SEVERE]: Timed out receiving message from renderer: 0.100
[1588088003.767][SEVERE]: Timed out receiving message from renderer: 0.100
[1588088004.053][SEVERE]: Timed out receiving message from renderer: 0.100
[1588088004.156][SEVERE]: Timed out receiving message from renderer: 0.100
[1588088004.264][SEVERE]: Timed out receiving message from renderer: 0.100
[1588088004.371][SEVERE]: Timed out receiving message from renderer: 0.100
[1588088004.478][SEVERE]: Timed out receiving message from renderer: 0.100
[1588088004.585][SEVERE]: Timed out receiving message from renderer: 0.100
[1588088004.693][SEVERE]: Timed out receiving message from renderer: 0.100
[1588088004.802][SEVERE]: Timed out receiving message from renderer: 0.100
[1588088004.910][SEVERE]: Timed out receiving message from renderer: 0.100
[1588088005.013][SEVERE]: Timed out receiving message from renderer: 0.100
[1588088005.117][SEVERE]: Timed out receiving message from renderer: 0.100
[1588088005.219][SEVERE]: Timed out receiving message from renderer: 0.100
[1588088005.325][SEVERE]: Timed out receiving message from renderer: 0.100
[1588088005.430][SEVERE]: Timed out receiving message from renderer: 0.100
[1588088005.612][SEVERE]: Timed out receiving message from renderer: 0.100
[1588088005.722][SEVERE]: Timed out receiving message from renderer: 0.100
[1588088005.827][SEVERE]: Timed out receiving message from renderer: 0.100
[1588088005.934][SEVERE]: Timed out receiving message from renderer: 0.100
[1588088006.178][SEVERE]: Timed out receiving message from renderer: 0.100
[1588088006.284][SEVERE]: Timed out receiving message from renderer: 0.100
[1588088006.389][SEVERE]: Timed out receiving message from renderer: 0.100
[1588088006.496][SEVERE]: Timed out receiving message from renderer: 0.100
[1588088018.562][SEVERE]: Timed out receiving message from renderer: 0.100
[1588088018.668][SEVERE]: Timed out receiving message from renderer: 0.100
[1588088018.778][SEVERE]: Timed out receiving message from renderer: 0.100
[1588088018.885][SEVERE]: Timed out receiving message from renderer: 0.100
[1588088018.993][SEVERE]: Timed out receiving message from renderer: 0.100
[1588088019.102][SEVERE]: Timed out receiving message from renderer: 0.100
[1588088019.207][SEVERE]: Timed out receiving message from renderer: 0.100
[1588088019.312][SEVERE]: Timed out receiving message from renderer: 0.100
[1588088019.418][SEVERE]: Timed out receiving message from renderer: 0.100
[1588088019.524][SEVERE]: Timed out receiving message from renderer: 0.100
[1588088019.634][SEVERE]: Timed out receiving message from renderer: 0.100
[1588088019.794][SEVERE]: Timed out receiving message from renderer: 0.100
[1588088019.900][SEVERE]: Timed out receiving message from renderer: 0.100
[1588088020.006][SEVERE]: Timed out receiving message from renderer: 0.100
[1588088020.111][SEVERE]: Timed out receiving message from renderer: 0.100
[1588088020.217][SEVERE]: Timed out receiving message from renderer: 0.100
[1588088020.325][SEVERE]: Timed out receiving message from renderer: 0.100
[1588088020.430][SEVERE]: Timed out receiving message from renderer: 0.100
[1588088020.535][SEVERE]: Timed out receiving message from renderer: 0.100
[1588088020.644][SEVERE]: Timed out receiving message from renderer: 0.100
[1588088020.749][SEVERE]: Timed out receiving message from renderer: 0.100
[1588088020.858][SEVERE]: Timed out receiving message from renderer: 0.100
[1588088020.965][SEVERE]: Timed out receiving message from renderer: 0.100
[1588088021.073][SEVERE]: Timed out receiving message from renderer: 0.100
[1588088021.214][SEVERE]: Timed out receiving message from renderer: 0.100
[1588088021.322][SEVERE]: Timed out receiving message from renderer: 0.100
[1588088021.431][SEVERE]: Timed out receiving message from renderer: 0.100
[1588088021.537][SEVERE]: Timed out receiving message from renderer: 0.100
[1588088021.649][SEVERE]: Timed out receiving message from renderer: 0.100
[1588088021.754][SEVERE]: Timed out receiving message from renderer: 0.100
[1588088021.862][SEVERE]: Timed out receiving message from renderer: 0.100
[1588088021.966][SEVERE]: Timed out receiving message from renderer: 0.100
[1588088022.076][SEVERE]: Timed out receiving message from renderer: 0.100
[1588088022.181][SEVERE]: Timed out receiving message from renderer: 0.100
[1588088022.290][SEVERE]: Timed out receiving message from renderer: 0.100
[1588088022.393][SEVERE]: Timed out receiving message from renderer: 0.100
[1588088022.499][SEVERE]: Timed out receiving message from renderer: 0.100
[1588088022.608][SEVERE]: Timed out receiving message from renderer: 0.100
[1588088022.713][SEVERE]: Timed out receiving message from renderer: 0.100
[1588088022.819][SEVERE]: Timed out receiving message from renderer: 0.100
[1588088022.925][SEVERE]: Timed out receiving message from renderer: 0.100
[1588088023.031][SEVERE]: Timed out receiving message from renderer: 0.100
[1588088023.138][SEVERE]: Timed out receiving message from renderer: 0.100
[1588088023.247][SEVERE]: Timed out receiving message from renderer: 0.100
[1588088023.354][SEVERE]: Timed out receiving message from renderer: 0.100
[1588088023.458][SEVERE]: Timed out receiving message from renderer: 0.100
[1588088023.563][SEVERE]: Timed out receiving message from renderer: 0.100
[1588088023.671][SEVERE]: Timed out receiving message from renderer: 0.100
[1588088023.778][SEVERE]: Timed out receiving message from renderer: 0.100
[1588088023.889][SEVERE]: Timed out receiving message from renderer: 0.100
[1588088024.006][SEVERE]: Timed out receiving message from renderer: 0.100
[1588088024.112][SEVERE]: Timed out receiving message from renderer: 0.100
[1588088024.219][SEVERE]: Timed out receiving message from renderer: 0.100
[1588088024.327][SEVERE]: Timed out receiving message from renderer: 0.100
[1588088024.450][SEVERE]: Timed out receiving message from renderer: 0.100
[1588088024.556][SEVERE]: Timed out receiving message from renderer: 0.100
[1588088024.663][SEVERE]: Timed out receiving message from renderer: 0.100
[1588088024.770][SEVERE]: Timed out receiving message from renderer: 0.100
[1588088024.880][SEVERE]: Timed out receiving message from renderer: 0.100
[1588088024.990][SEVERE]: Timed out receiving message from renderer: 0.100
[1588088025.100][SEVERE]: Timed out receiving message from renderer: 0.100
[1588088025.206][SEVERE]: Timed out receiving message from renderer: 0.100
[1588088025.311][SEVERE]: Timed out receiving message from renderer: 0.100
[1588088025.419][SEVERE]: Timed out receiving message from renderer: 0.100
[1588088025.533][SEVERE]: Timed out receiving message from renderer: 0.100
[1588088025.641][SEVERE]: Timed out receiving message from renderer: 0.100
[1588088025.749][SEVERE]: Timed out receiving message from renderer: 0.100
[1588088025.857][SEVERE]: Timed out receiving message from renderer: 0.100
[1588088025.962][SEVERE]: Timed out receiving message from renderer: 0.100
[1588088026.066][SEVERE]: Timed out receiving message from renderer: 0.100
[1588088026.174][SEVERE]: Timed out receiving message from renderer: 0.100
[1588088026.279][SEVERE]: Timed out receiving message from renderer: 0.100
[1588088026.389][SEVERE]: Timed out receiving message from renderer: 0.100
[1588088026.498][SEVERE]: Timed out receiving message from renderer: 0.100
[1588088026.604][SEVERE]: Timed out receiving message from renderer: 0.100
[1588088026.714][SEVERE]: Timed out receiving message from renderer: 0.100
[1588088026.824][SEVERE]: Timed out receiving message from renderer: 0.100
[1588088026.931][SEVERE]: Timed out receiving message from renderer: 0.100
[1588088027.037][SEVERE]: Timed out receiving message from renderer: 0.100
[1588088027.139][SEVERE]: Timed out receiving message from renderer: 0.100
[1588088027.538][SEVERE]: Timed out receiving message from renderer: 0.100
[1588088027.643][SEVERE]: Timed out receiving message from renderer: 0.100
[1588088027.749][SEVERE]: Timed out receiving message from renderer: 0.100
[1588088027.854][SEVERE]: Timed out receiving message from renderer: 0.100
[1588088027.958][SEVERE]: Timed out receiving message from renderer: 0.100
[1588088028.064][SEVERE]: Timed out receiving message from renderer: 0.100
[1588088028.170][SEVERE]: Timed out receiving message from renderer: 0.100
[1588088028.277][SEVERE]: Timed out receiving message from renderer: 0.100
[1588088028.383][SEVERE]: Timed out receiving message from renderer: 0.100
[1588088028.490][SEVERE]: Timed out receiving message from renderer: 0.100
[1588088028.597][SEVERE]: Timed out receiving message from renderer: 0.100
[1588088028.704][SEVERE]: Timed out receiving message from renderer: 0.100
[1588088028.808][SEVERE]: Timed out receiving message from renderer: 0.100
[1588088028.913][SEVERE]: Timed out receiving message from renderer: 0.100
[1588088029.022][SEVERE]: Timed out receiving message from renderer: 0.100
[1588088029.137][SEVERE]: Timed out receiving message from renderer: 0.100
[1588088029.241][SEVERE]: Timed out receiving message from renderer: 0.100
[1588088029.348][SEVERE]: Timed out receiving message from renderer: 0.100
[1588088029.453][SEVERE]: Timed out receiving message from renderer: 0.100
[1588088029.559][SEVERE]: Timed out receiving message from renderer: 0.100
[1588088029.664][SEVERE]: Timed out receiving message from renderer: 0.100
[1588088029.770][SEVERE]: Timed out receiving message from renderer: 0.100
[1588088029.951][SEVERE]: Timed out receiving message from renderer: 0.100
[1588088030.056][SEVERE]: Timed out receiving message from renderer: 0.100
[1588088030.164][SEVERE]: Timed out receiving message from renderer: 0.100
[1588088030.277][SEVERE]: Timed out receiving message from renderer: 0.100
[1588088030.504][SEVERE]: Timed out receiving message from renderer: 0.100
[1588088030.610][SEVERE]: Timed out receiving message from renderer: 0.100
[1588088030.727][SEVERE]: Timed out receiving message from renderer: 0.100
[1588088030.833][SEVERE]: Timed out receiving message from renderer: 0.100
[1588088030.945][SEVERE]: Timed out receiving message from renderer: 0.100
[1588088031.054][SEVERE]: Timed out receiving message from renderer: 0.100
[1588088031.166][SEVERE]: Timed out receiving message from renderer: 0.100
[1588088031.271][SEVERE]: Timed out receiving message from renderer: 0.100
[1588088031.641][SEVERE]: Timed out receiving message from renderer: 0.100
[1588088031.776][SEVERE]: Timed out receiving message from renderer: 0.100
[1588088031.892][SEVERE]: Timed out receiving message from renderer: 0.100
[1588088032.009][SEVERE]: Timed out receiving message from renderer: 0.100
[1588088032.122][SEVERE]: Timed out receiving message from renderer: 0.100
[1588088032.235][SEVERE]: Timed out receiving message from renderer: 0.100
[1588088032.341][SEVERE]: Timed out receiving message from renderer: 0.100
[1588088032.578][SEVERE]: Timed out receiving message from renderer: 0.100
[1588088032.682][SEVERE]: Timed out receiving message from renderer: 0.100
[1588088032.788][SEVERE]: Timed out receiving message from renderer: 0.100
[1588088032.903][SEVERE]: Timed out receiving message from renderer: 0.100
[1588088033.026][SEVERE]: Timed out receiving message from renderer: 0.100
[1588088033.148][SEVERE]: Timed out receiving message from renderer: 0.100
[1588088033.287][SEVERE]: Timed out receiving message from renderer: 0.100
[1588088033.393][SEVERE]: Timed out receiving message from renderer: 0.100
[1588088033.505][SEVERE]: Timed out receiving message from renderer: 0.100
[1588088033.626][SEVERE]: Timed out receiving message from renderer: 0.100
[1588088033.731][SEVERE]: Timed out receiving message from renderer: 0.100
[1588088033.839][SEVERE]: Timed out receiving message from renderer: 0.100
[1588088033.950][SEVERE]: Timed out receiving message from renderer: 0.100
[1588088034.058][SEVERE]: Timed out receiving message from renderer: 0.100
[1588088034.160][SEVERE]: Timed out receiving message from renderer: 0.100
[1588088034.267][SEVERE]: Timed out receiving message from renderer: 0.100
[1588088034.374][SEVERE]: Timed out receiving message from renderer: 0.100
[1588088054.167][SEVERE]: Timed out receiving message from renderer: 0.100
[1588088054.270][SEVERE]: Timed out receiving message from renderer: 0.100
[1588088054.375][SEVERE]: Timed out receiving message from renderer: 0.100
[1588088054.482][SEVERE]: Timed out receiving message from renderer: 0.100
[1588088054.586][SEVERE]: Timed out receiving message from renderer: 0.100
[1588088054.690][SEVERE]: Timed out receiving message from renderer: 0.100
[1588088054.798][SEVERE]: Timed out receiving message from renderer: 0.100
[1588088054.905][SEVERE]: Timed out receiving message from renderer: 0.100
[1588088055.009][SEVERE]: Timed out receiving message from renderer: 0.100
[1588088055.114][SEVERE]: Timed out receiving message from renderer: 0.100
[1588088055.218][SEVERE]: Timed out receiving message from renderer: 0.100
[1588088055.322][SEVERE]: Timed out receiving message from renderer: 0.100
[1588088055.435][SEVERE]: Timed out receiving message from renderer: 0.100
[1588088055.541][SEVERE]: Timed out receiving message from renderer: 0.100
[1588088055.660][SEVERE]: Timed out receiving message from renderer: 0.100
[1588088055.763][SEVERE]: Timed out receiving message from renderer: 0.100
[1588088055.870][SEVERE]: Timed out receiving message from renderer: 0.100
[1588088055.975][SEVERE]: Timed out receiving message from renderer: 0.100
[1588088056.081][SEVERE]: Timed out receiving message from renderer: 0.100
[1588088056.187][SEVERE]: Timed out receiving message from renderer: 0.100
[1588088056.296][SEVERE]: Timed out receiving message from renderer: 0.100
[1588088056.400][SEVERE]: Timed out receiving message from renderer: 0.100
[1588088056.504][SEVERE]: Timed out receiving message from renderer: 0.100
[1588088056.607][SEVERE]: Timed out receiving message from renderer: 0.100
[1588088056.713][SEVERE]: Timed out receiving message from renderer: 0.100
[1588088056.817][SEVERE]: Timed out receiving message from renderer: 0.100
[1588088056.921][SEVERE]: Timed out receiving message from renderer: 0.100
[1588088057.028][SEVERE]: Timed out receiving message from renderer: 0.100
[1588088057.139][SEVERE]: Timed out receiving message from renderer: 0.100
[1588088057.246][SEVERE]: Timed out receiving message from renderer: 0.100
[1588088057.355][SEVERE]: Timed out receiving message from renderer: 0.100
[1588088057.461][SEVERE]: Timed out receiving message from renderer: 0.100
[1588088057.567][SEVERE]: Timed out receiving message from renderer: 0.100
[1588088057.672][SEVERE]: Timed out receiving message from renderer: 0.100
[1588088057.852][SEVERE]: Timed out receiving message from renderer: 0.100
[1588088057.956][SEVERE]: Timed out receiving message from renderer: 0.100
[1588088058.062][SEVERE]: Timed out receiving message from renderer: 0.100
[1588088058.167][SEVERE]: Timed out receiving message from renderer: 0.100
[1588088058.275][SEVERE]: Timed out receiving message from renderer: 0.100
[1588088058.379][SEVERE]: Timed out receiving message from renderer: 0.100
[1588088058.485][SEVERE]: Timed out receiving message from renderer: 0.100
[1588088058.590][SEVERE]: Timed out receiving message from renderer: 0.100
[1588088058.695][SEVERE]: Timed out receiving message from renderer: 0.100
[1588088058.801][SEVERE]: Timed out receiving message from renderer: 0.100
[1588088058.925][SEVERE]: Timed out receiving message from renderer: 0.100
[1588088059.044][SEVERE]: Timed out receiving message from renderer: 0.100
[1588088059.168][SEVERE]: Timed out receiving message from renderer: 0.100
[1588088059.277][SEVERE]: Timed out receiving message from renderer: 0.100
[1588088059.381][SEVERE]: Timed out receiving message from renderer: 0.100
[1588088059.487][SEVERE]: Timed out receiving message from renderer: 0.100
[1588088059.593][SEVERE]: Timed out receiving message from renderer: 0.100
[1588088059.701][SEVERE]: Timed out receiving message from renderer: 0.100
[1588088059.810][SEVERE]: Timed out receiving message from renderer: 0.100
[1588088059.915][SEVERE]: Timed out receiving message from renderer: 0.100
[1588088060.023][SEVERE]: Timed out receiving message from renderer: 0.100
[1588088060.126][SEVERE]: Timed out receiving message from renderer: 0.100
[1588088060.230][SEVERE]: Timed out receiving message from renderer: 0.100
[1588088060.334][SEVERE]: Timed out receiving message from renderer: 0.100
[1588088060.437][SEVERE]: Timed out receiving message from renderer: 0.100
[1588088060.543][SEVERE]: Timed out receiving message from renderer: 0.100
[1588088060.649][SEVERE]: Timed out receiving message from renderer: 0.100
[1588088060.753][SEVERE]: Timed out receiving message from renderer: 0.100
[1588088060.860][SEVERE]: Timed out receiving message from renderer: 0.100
[1588088060.965][SEVERE]: Timed out receiving message from renderer: 0.100
[1588088061.072][SEVERE]: Timed out receiving message from renderer: 0.100
[1588088061.174][SEVERE]: Timed out receiving message from renderer: 0.100
[1588088061.279][SEVERE]: Timed out receiving message from renderer: 0.100
[1588088061.384][SEVERE]: Timed out receiving message from renderer: 0.100
[1588088061.494][SEVERE]: Timed out receiving message from renderer: 0.100
[1588088061.599][SEVERE]: Timed out receiving message from renderer: 0.100
[1588088061.708][SEVERE]: Timed out receiving message from renderer: 0.100
[1588088061.814][SEVERE]: Timed out receiving message from renderer: 0.100
[1588088061.917][SEVERE]: Timed out receiving message from renderer: 0.100
[1588088062.021][SEVERE]: Timed out receiving message from renderer: 0.100
[1588088062.129][SEVERE]: Timed out receiving message from renderer: 0.100
[1588088062.231][SEVERE]: Timed out receiving message from renderer: 0.100
[1588088062.338][SEVERE]: Timed out receiving message from renderer: 0.100
[1588088062.444][SEVERE]: Timed out receiving message from renderer: 0.100
[1588088062.549][SEVERE]: Timed out receiving message from renderer: 0.100
[1588088062.655][SEVERE]: Timed out receiving message from renderer: 0.100
[1588088062.758][SEVERE]: Timed out receiving message from renderer: 0.100
[1588088062.865][SEVERE]: Timed out receiving message from renderer: 0.100
[1588088062.969][SEVERE]: Timed out receiving message from renderer: 0.100
[1588088063.073][SEVERE]: Timed out receiving message from renderer: 0.100
[1588088063.178][SEVERE]: Timed out receiving message from renderer: 0.100
[1588088063.283][SEVERE]: Timed out receiving message from renderer: 0.100
[1588088063.387][SEVERE]: Timed out receiving message from renderer: 0.100
[1588088063.490][SEVERE]: Timed out receiving message from renderer: 0.100
[1588088063.594][SEVERE]: Timed out receiving message from renderer: 0.100
[1588088063.698][SEVERE]: Timed out receiving message from renderer: 0.100
[1588088063.802][SEVERE]: Timed out receiving message from renderer: 0.100
[1588088063.906][SEVERE]: Timed out receiving message from renderer: 0.100
[1588088064.012][SEVERE]: Timed out receiving message from renderer: 0.100
[1588088064.117][SEVERE]: Timed out receiving message from renderer: 0.100
[1588088064.222][SEVERE]: Timed out receiving message from renderer: 0.100
[1588088064.327][SEVERE]: Timed out receiving message from renderer: 0.100
[1588088064.431][SEVERE]: Timed out receiving message from renderer: 0.100
[1588088064.539][SEVERE]: Timed out receiving message from renderer: 0.100
[1588088064.642][SEVERE]: Timed out receiving message from renderer: 0.100
[1588088064.773][SEVERE]: Timed out receiving message from renderer: 0.100
[1588088064.886][SEVERE]: Timed out receiving message from renderer: 0.100
[1588088064.992][SEVERE]: Timed out receiving message from renderer: 0.100
[1588088065.096][SEVERE]: Timed out receiving message from renderer: 0.100
[1588088065.201][SEVERE]: Timed out receiving message from renderer: 0.100
[1588088065.305][SEVERE]: Timed out receiving message from renderer: 0.100
[1588088065.409][SEVERE]: Timed out receiving message from renderer: 0.100
[1588088065.515][SEVERE]: Timed out receiving message from renderer: 0.100
[1588088065.620][SEVERE]: Timed out receiving message from renderer: 0.100
[1588088065.727][SEVERE]: Timed out receiving message from renderer: 0.100
[1588088065.833][SEVERE]: Timed out receiving message from renderer: 0.100
[1588088065.938][SEVERE]: Timed out receiving message from renderer: 0.100
[1588088066.045][SEVERE]: Timed out receiving message from renderer: 0.100
[1588088066.150][SEVERE]: Timed out receiving message from renderer: 0.100
[1588088066.254][SEVERE]: Timed out receiving message from renderer: 0.100
[1588088066.358][SEVERE]: Timed out receiving message from renderer: 0.100
[1588088066.465][SEVERE]: Timed out receiving message from renderer: 0.100
[1588088066.573][SEVERE]: Timed out receiving message from renderer: 0.100
[1588088066.677][SEVERE]: Timed out receiving message from renderer: 0.100
[1588088066.787][SEVERE]: Timed out receiving message from renderer: 0.100
[1588088066.894][SEVERE]: Timed out receiving message from renderer: 0.100
[1588088066.997][SEVERE]: Timed out receiving message from renderer: 0.100
[1588088067.105][SEVERE]: Timed out receiving message from renderer: 0.100
[1588088067.211][SEVERE]: Timed out receiving message from renderer: 0.100
[1588088067.316][SEVERE]: Timed out receiving message from renderer: 0.100
[1588088067.420][SEVERE]: Timed out receiving message from renderer: 0.100
[1588088067.525][SEVERE]: Timed out receiving message from renderer: 0.100
[1588088067.631][SEVERE]: Timed out receiving message from renderer: 0.100
[1588088067.733][SEVERE]: Timed out receiving message from renderer: 0.100
[1588088067.838][SEVERE]: Timed out receiving message from renderer: 0.100
[1588088067.943][SEVERE]: Timed out receiving message from renderer: 0.100
[1588088068.065][SEVERE]: Timed out receiving message from renderer: 0.100
[1588088068.169][SEVERE]: Timed out receiving message from renderer: 0.100
[1588088068.275][SEVERE]: Timed out receiving message from renderer: 0.100
[1588088068.381][SEVERE]: Timed out receiving message from renderer: 0.100
[1588088068.487][SEVERE]: Timed out receiving message from renderer: 0.100
[1588088068.592][SEVERE]: Timed out receiving message from renderer: 0.100
[1588088068.697][SEVERE]: Timed out receiving message from renderer: 0.100
[1588088068.804][SEVERE]: Timed out receiving message from renderer: 0.100
[1588088068.911][SEVERE]: Timed out receiving message from renderer: 0.100
[1588088069.017][SEVERE]: Timed out receiving message from renderer: 0.100
[1588088069.124][SEVERE]: Timed out receiving message from renderer: 0.100
[1588088069.228][SEVERE]: Timed out receiving message from renderer: 0.100
[1588088069.335][SEVERE]: Timed out receiving message from renderer: 0.100
[1588088069.444][SEVERE]: Timed out receiving message from renderer: 0.100
[1588088069.550][SEVERE]: Timed out receiving message from renderer: 0.100
[1588088069.656][SEVERE]: Timed out receiving message from renderer: 0.100
[1588088069.766][SEVERE]: Timed out receiving message from renderer: 0.100
[1588088069.868][SEVERE]: Timed out receiving message from renderer: 0.100
[1588088069.978][SEVERE]: Timed out receiving message from renderer: 0.100
[1588088070.086][SEVERE]: Timed out receiving message from renderer: 0.100
[1588088070.192][SEVERE]: Timed out receiving message from renderer: 0.100
[1588088070.296][SEVERE]: Timed out receiving message from renderer: 0.100
[1588088070.400][SEVERE]: Timed out receiving message from renderer: 0.100
[1588088070.504][SEVERE]: Timed out receiving message from renderer: 0.100
[1588088070.611][SEVERE]: Timed out receiving message from renderer: 0.100
[1588088070.717][SEVERE]: Timed out receiving message from renderer: 0.100
[1588088070.820][SEVERE]: Timed out receiving message from renderer: 0.100
[1588088070.924][SEVERE]: Timed out receiving message from renderer: 0.100
[1588088071.029][SEVERE]: Timed out receiving message from renderer: 0.100
[1588088071.134][SEVERE]: Timed out receiving message from renderer: 0.100
[1588088071.240][SEVERE]: Timed out receiving message from renderer: 0.100
[1588088071.348][SEVERE]: Timed out receiving message from renderer: 0.100
[1588088071.452][SEVERE]: Timed out receiving message from renderer: 0.100
[1588088071.555][SEVERE]: Timed out receiving message from renderer: 0.100
[1588088071.661][SEVERE]: Timed out receiving message from renderer: 0.100
[1588088071.768][SEVERE]: Timed out receiving message from renderer: 0.100
[1588088071.874][SEVERE]: Timed out receiving message from renderer: 0.100
[1588088071.981][SEVERE]: Timed out receiving message from renderer: 0.100
[1588088072.084][SEVERE]: Timed out receiving message from renderer: 0.100
[1588088072.190][SEVERE]: Timed out receiving message from renderer: 0.100
[1588088072.297][SEVERE]: Timed out receiving message from renderer: 0.100
[1588088072.405][SEVERE]: Timed out receiving message from renderer: 0.100
[1588088072.511][SEVERE]: Timed out receiving message from renderer: 0.100
[1588088072.615][SEVERE]: Timed out receiving message from renderer: 0.100
[1588088072.722][SEVERE]: Timed out receiving message from renderer: 0.100
[1588088072.827][SEVERE]: Timed out receiving message from renderer: 0.100
[1588088072.933][SEVERE]: Timed out receiving message from renderer: 0.100
[1588088073.037][SEVERE]: Timed out receiving message from renderer: 0.100
[1588088073.140][SEVERE]: Timed out receiving message from renderer: 0.100
[1588088073.244][SEVERE]: Timed out receiving message from renderer: 0.100
[1588088073.351][SEVERE]: Timed out receiving message from renderer: 0.100
[1588088073.454][SEVERE]: Timed out receiving message from renderer: 0.100
[1588088073.652][SEVERE]: Timed out receiving message from renderer: 0.100
[1588088073.757][SEVERE]: Timed out receiving message from renderer: 0.100
[1588088073.863][SEVERE]: Timed out receiving message from renderer: 0.100
[1588088073.968][SEVERE]: Timed out receiving message from renderer: 0.100
[1588088074.074][SEVERE]: Timed out receiving message from renderer: 0.100
[1588088074.183][SEVERE]: Timed out receiving message from renderer: 0.100
[1588088074.286][SEVERE]: Timed out receiving message from renderer: 0.100
[1588088074.391][SEVERE]: Timed out receiving message from renderer: 0.100
[1588088074.496][SEVERE]: Timed out receiving message from renderer: 0.100
[1588088074.603][SEVERE]: Timed out receiving message from renderer: 0.100
[1588088074.710][SEVERE]: Timed out receiving message from renderer: 0.100
[1588088074.817][SEVERE]: Timed out receiving message from renderer: 0.100
[1588088074.922][SEVERE]: Timed out receiving message from renderer: 0.100
[1588088075.028][SEVERE]: Timed out receiving message from renderer: 0.100
[1588088075.133][SEVERE]: Timed out receiving message from renderer: 0.100
[1588088075.241][SEVERE]: Timed out receiving message from renderer: 0.100
[1588088075.345][SEVERE]: Timed out receiving message from renderer: 0.100
[1588088075.459][SEVERE]: Timed out receiving message from renderer: 0.100
[1588088075.566][SEVERE]: Timed out receiving message from renderer: 0.100
[1588088075.672][SEVERE]: Timed out receiving message from renderer: 0.100
[1588088075.777][SEVERE]: Timed out receiving message from renderer: 0.100
[1588088075.879][SEVERE]: Timed out receiving message from renderer: 0.100
[1588088075.983][SEVERE]: Timed out receiving message from renderer: 0.100
[1588088076.091][SEVERE]: Timed out receiving message from renderer: 0.100
[1588088076.197][SEVERE]: Timed out receiving message from renderer: 0.100
[1588088076.303][SEVERE]: Timed out receiving message from renderer: 0.100
[1588088076.407][SEVERE]: Timed out receiving message from renderer: 0.100
[1588088076.513][SEVERE]: Timed out receiving message from renderer: 0.100
[1588088076.618][SEVERE]: Timed out receiving message from renderer: 0.100
[1588088076.722][SEVERE]: Timed out receiving message from renderer: 0.100
[1588088076.824][SEVERE]: Timed out receiving message from renderer: 0.100
[1588088076.929][SEVERE]: Timed out receiving message from renderer: 0.100
[1588088077.036][SEVERE]: Timed out receiving message from renderer: 0.100
[1588088077.144][SEVERE]: Timed out receiving message from renderer: 0.100
[1588088077.249][SEVERE]: Timed out receiving message from renderer: 0.100
[1588088077.355][SEVERE]: Timed out receiving message from renderer: 0.100
[1588088077.459][SEVERE]: Timed out receiving message from renderer: 0.100
[1588088077.635][SEVERE]: Timed out receiving message from renderer: 0.100
[1588088077.740][SEVERE]: Timed out receiving message from renderer: 0.100
[1588088077.845][SEVERE]: Timed out receiving message from renderer: 0.100
[1588088077.951][SEVERE]: Timed out receiving message from renderer: 0.100
[1588088078.056][SEVERE]: Timed out receiving message from renderer: 0.100
[1588088078.169][SEVERE]: Timed out receiving message from renderer: 0.100
[1588088078.273][SEVERE]: Timed out receiving message from renderer: 0.100
[1588088078.376][SEVERE]: Timed out receiving message from renderer: 0.100
[1588088078.481][SEVERE]: Timed out receiving message from renderer: 0.100
[1588088078.588][SEVERE]: Timed out receiving message from renderer: 0.100
[1588088078.691][SEVERE]: Timed out receiving message from renderer: 0.100
[1588088078.797][SEVERE]: Timed out receiving message from renderer: 0.100
[1588088078.904][SEVERE]: Timed out receiving message from renderer: 0.100
[1588088079.012][SEVERE]: Timed out receiving message from renderer: 0.100
[1588088079.116][SEVERE]: Timed out receiving message from renderer: 0.100
[1588088079.222][SEVERE]: Timed out receiving message from renderer: 0.100
[1588088079.326][SEVERE]: Timed out receiving message from renderer: 0.100
[1588088079.432][SEVERE]: Timed out receiving message from renderer: 0.100
[1588088079.538][SEVERE]: Timed out receiving message from renderer: 0.100
[1588088079.645][SEVERE]: Timed out receiving message from renderer: 0.100
[1588088079.751][SEVERE]: Timed out receiving message from renderer: 0.100
[1588088079.854][SEVERE]: Timed out receiving message from renderer: 0.100
[1588088079.962][SEVERE]: Timed out receiving message from renderer: 0.100
[1588088080.069][SEVERE]: Timed out receiving message from renderer: 0.100
[1588088080.173][SEVERE]: Timed out receiving message from renderer: 0.100
[1588088080.280][SEVERE]: Timed out receiving message from renderer: 0.100
[1588088080.384][SEVERE]: Timed out receiving message from renderer: 0.100
[1588088080.487][SEVERE]: Timed out receiving message from renderer: 0.100
[1588088080.590][SEVERE]: Timed out receiving message from renderer: 0.100
[1588088080.695][SEVERE]: Timed out receiving message from renderer: 0.100
[1588088080.799][SEVERE]: Timed out receiving message from renderer: 0.100
[1588088080.905][SEVERE]: Timed out receiving message from renderer: 0.100
[1588088081.009][SEVERE]: Timed out receiving message from renderer: 0.100
[1588088081.115][SEVERE]: Timed out receiving message from renderer: 0.100
[1588088081.219][SEVERE]: Timed out receiving message from renderer: 0.100
[1588088081.324][SEVERE]: Timed out receiving message from renderer: 0.100
[1588088081.430][SEVERE]: Timed out receiving message from renderer: 0.100
[1588088081.536][SEVERE]: Timed out receiving message from renderer: 0.100
[1588088081.643][SEVERE]: Timed out receiving message from renderer: 0.100
[1588088081.747][SEVERE]: Timed out receiving message from renderer: 0.100
[1588088081.851][SEVERE]: Timed out receiving message from renderer: 0.100
[1588088081.959][SEVERE]: Timed out receiving message from renderer: 0.100
[1588088082.062][SEVERE]: Timed out receiving message from renderer: 0.100
[1588088082.168][SEVERE]: Timed out receiving message from renderer: 0.100
[1588088082.274][SEVERE]: Timed out receiving message from renderer: 0.100
[1588088082.378][SEVERE]: Timed out receiving message from renderer: 0.100
[1588088082.483][SEVERE]: Timed out receiving message from renderer: 0.100
[1588088082.589][SEVERE]: Timed out receiving message from renderer: 0.100
[1588088082.695][SEVERE]: Timed out receiving message from renderer: 0.100
[1588088082.800][SEVERE]: Timed out receiving message from renderer: 0.100
[1588088082.908][SEVERE]: Timed out receiving message from renderer: 0.100
[1588088083.012][SEVERE]: Timed out receiving message from renderer: 0.100
[1588088083.115][SEVERE]: Timed out receiving message from renderer: 0.100
[1588088083.218][SEVERE]: Timed out receiving message from renderer: 0.100
[1588088083.327][SEVERE]: Timed out receiving message from renderer: 0.100
[1588088083.431][SEVERE]: Timed out receiving message from renderer: 0.100
[1588088083.536][SEVERE]: Timed out receiving message from renderer: 0.100
[1588088083.641][SEVERE]: Timed out receiving message from renderer: 0.100
[1588088083.747][SEVERE]: Timed out receiving message from renderer: 0.100
[1588088083.853][SEVERE]: Timed out receiving message from renderer: 0.100
[1588088083.957][SEVERE]: Timed out receiving message from renderer: 0.100
[1588088084.061][SEVERE]: Timed out receiving message from renderer: 0.100
[1588088084.164][SEVERE]: Timed out receiving message from renderer: 0.100
[1588088084.268][SEVERE]: Timed out receiving message from renderer: 0.100
[1588088084.374][SEVERE]: Timed out receiving message from renderer: 0.100
[1588088084.477][SEVERE]: Timed out receiving message from renderer: 0.100
[1588088084.585][SEVERE]: Timed out receiving message from renderer: 0.100
[1588088084.692][SEVERE]: Timed out receiving message from renderer: 0.100
[1588088084.797][SEVERE]: Timed out receiving message from renderer: 0.100
[1588088084.901][SEVERE]: Timed out receiving message from renderer: 0.100
[1588088085.008][SEVERE]: Timed out receiving message from renderer: 0.100
[1588088085.114][SEVERE]: Timed out receiving message from renderer: 0.100
[1588088085.217][SEVERE]: Timed out receiving message from renderer: 0.100
[1588088085.321][SEVERE]: Timed out receiving message from renderer: 0.100
[1588088085.428][SEVERE]: Timed out receiving message from renderer: 0.100
[1588088085.535][SEVERE]: Timed out receiving message from renderer: 0.100
[1588088085.638][SEVERE]: Timed out receiving message from renderer: 0.100
[1588088085.744][SEVERE]: Timed out receiving message from renderer: 0.100
[1588088085.850][SEVERE]: Timed out receiving message from renderer: 0.100
[1588088087.307][SEVERE]: Timed out receiving message from renderer: 0.100
[1588088087.410][SEVERE]: Timed out receiving message from renderer: 0.100
[1588088087.516][SEVERE]: Timed out receiving message from renderer: 0.100
[1588088087.621][SEVERE]: Timed out receiving message from renderer: 0.100
[1588088087.911][SEVERE]: Timed out receiving message from renderer: 0.100
[1588088088.013][SEVERE]: Timed out receiving message from renderer: 0.100
[1588088088.216][SEVERE]: Timed out receiving message from renderer: 0.100
]]></system-err>
</testsuite>
