<?xml version="1.0" encoding="UTF-8"?>
<testsuite name="com.qa.trello.tests.BoardChangeTests" tests="1" skipped="0" failures="0" errors="0" timestamp="2020-04-28T17:47:54" hostname="DESKTOP-NPA4CH3" time="73.076">
  <properties/>
  <testcase name="changeOfBoard" classname="com.qa.trello.tests.BoardChangeTests" time="73.076"/>
  <system-out><![CDATA[]]></system-out>
  <system-err><![CDATA[[1588096065.559][SEVERE]: Timed out receiving message from renderer: 0.100
[1588096065.671][SEVERE]: Timed out receiving message from renderer: 0.100
[1588096065.781][SEVERE]: Timed out receiving message from renderer: 0.100
[1588096065.889][SEVERE]: Timed out receiving message from renderer: 0.100
[1588096066.003][SEVERE]: Timed out receiving message from renderer: 0.100
[1588096066.112][SEVERE]: Timed out receiving message from renderer: 0.100
[1588096066.229][SEVERE]: Timed out receiving message from renderer: 0.100
[1588096066.339][SEVERE]: Timed out receiving message from renderer: 0.100
[1588096066.449][SEVERE]: Timed out receiving message from renderer: 0.100
[1588096066.559][SEVERE]: Timed out receiving message from renderer: 0.100
[1588096066.667][SEVERE]: Timed out receiving message from renderer: 0.100
[1588096066.772][SEVERE]: Timed out receiving message from renderer: 0.100
[1588096066.879][SEVERE]: Timed out receiving message from renderer: 0.100
[1588096066.987][SEVERE]: Timed out receiving message from renderer: 0.100
[1588096067.095][SEVERE]: Timed out receiving message from renderer: 0.100
[1588096067.207][SEVERE]: Timed out receiving message from renderer: 0.100
[1588096067.313][SEVERE]: Timed out receiving message from renderer: 0.100
[1588096067.424][SEVERE]: Timed out receiving message from renderer: 0.100
[1588096067.530][SEVERE]: Timed out receiving message from renderer: 0.100
[1588096067.636][SEVERE]: Timed out receiving message from renderer: 0.100
[1588096067.740][SEVERE]: Timed out receiving message from renderer: 0.100
[1588096067.843][SEVERE]: Timed out receiving message from renderer: 0.100
[1588096067.945][SEVERE]: Timed out receiving message from renderer: 0.100
[1588096068.051][SEVERE]: Timed out receiving message from renderer: 0.100
[1588096068.155][SEVERE]: Timed out receiving message from renderer: 0.100
[1588096068.258][SEVERE]: Timed out receiving message from renderer: 0.100
[1588096068.359][SEVERE]: Timed out receiving message from renderer: 0.100
[1588096068.461][SEVERE]: Timed out receiving message from renderer: 0.100
[1588096068.570][SEVERE]: Timed out receiving message from renderer: 0.100
[1588096068.678][SEVERE]: Timed out receiving message from renderer: 0.100
[1588096068.787][SEVERE]: Timed out receiving message from renderer: 0.100
[1588096068.893][SEVERE]: Timed out receiving message from renderer: 0.100
[1588096068.997][SEVERE]: Timed out receiving message from renderer: 0.100
[1588096069.105][SEVERE]: Timed out receiving message from renderer: 0.100
[1588096069.209][SEVERE]: Timed out receiving message from renderer: 0.100
[1588096069.315][SEVERE]: Timed out receiving message from renderer: 0.100
[1588096069.422][SEVERE]: Timed out receiving message from renderer: 0.100
[1588096069.563][SEVERE]: Timed out receiving message from renderer: 0.100
[1588096069.672][SEVERE]: Timed out receiving message from renderer: 0.100
[1588096069.777][SEVERE]: Timed out receiving message from renderer: 0.100
[1588096069.887][SEVERE]: Timed out receiving message from renderer: 0.100
[1588096069.996][SEVERE]: Timed out receiving message from renderer: 0.100
[1588096070.102][SEVERE]: Timed out receiving message from renderer: 0.100
[1588096070.207][SEVERE]: Timed out receiving message from renderer: 0.100
[1588096070.312][SEVERE]: Timed out receiving message from renderer: 0.100
[1588096070.416][SEVERE]: Timed out receiving message from renderer: 0.100
[1588096070.520][SEVERE]: Timed out receiving message from renderer: 0.100
[1588096070.623][SEVERE]: Timed out receiving message from renderer: 0.100
[1588096070.728][SEVERE]: Timed out receiving message from renderer: 0.100
[1588096070.829][SEVERE]: Timed out receiving message from renderer: 0.100
[1588096070.934][SEVERE]: Timed out receiving message from renderer: 0.100
[1588096071.038][SEVERE]: Timed out receiving message from renderer: 0.100
[1588096071.143][SEVERE]: Timed out receiving message from renderer: 0.100
[1588096071.247][SEVERE]: Timed out receiving message from renderer: 0.100
[1588096071.351][SEVERE]: Timed out receiving message from renderer: 0.100
[1588096071.455][SEVERE]: Timed out receiving message from renderer: 0.100
[1588096071.562][SEVERE]: Timed out receiving message from renderer: 0.100
[1588096071.670][SEVERE]: Timed out receiving message from renderer: 0.100
[1588096071.775][SEVERE]: Timed out receiving message from renderer: 0.100
[1588096071.880][SEVERE]: Timed out receiving message from renderer: 0.100
[1588096071.985][SEVERE]: Timed out receiving message from renderer: 0.100
[1588096072.088][SEVERE]: Timed out receiving message from renderer: 0.100
[1588096072.196][SEVERE]: Timed out receiving message from renderer: 0.100
[1588096072.300][SEVERE]: Timed out receiving message from renderer: 0.100
[1588096072.407][SEVERE]: Timed out receiving message from renderer: 0.100
[1588096072.512][SEVERE]: Timed out receiving message from renderer: 0.100
[1588096072.617][SEVERE]: Timed out receiving message from renderer: 0.100
[1588096072.723][SEVERE]: Timed out receiving message from renderer: 0.100
[1588096072.827][SEVERE]: Timed out receiving message from renderer: 0.100
[1588096072.932][SEVERE]: Timed out receiving message from renderer: 0.100
[1588096073.037][SEVERE]: Timed out receiving message from renderer: 0.100
[1588096073.142][SEVERE]: Timed out receiving message from renderer: 0.100
[1588096073.246][SEVERE]: Timed out receiving message from renderer: 0.100
[1588096073.351][SEVERE]: Timed out receiving message from renderer: 0.100
[1588096073.456][SEVERE]: Timed out receiving message from renderer: 0.100
[1588096073.558][SEVERE]: Timed out receiving message from renderer: 0.100
[1588096073.664][SEVERE]: Timed out receiving message from renderer: 0.100
[1588096073.769][SEVERE]: Timed out receiving message from renderer: 0.100
[1588096073.873][SEVERE]: Timed out receiving message from renderer: 0.100
[1588096073.977][SEVERE]: Timed out receiving message from renderer: 0.100
[1588096074.082][SEVERE]: Timed out receiving message from renderer: 0.100
[1588096074.187][SEVERE]: Timed out receiving message from renderer: 0.100
[1588096090.123][SEVERE]: Timed out receiving message from renderer: 0.100
[1588096090.228][SEVERE]: Timed out receiving message from renderer: 0.100
[1588096090.335][SEVERE]: Timed out receiving message from renderer: 0.100
[1588096090.441][SEVERE]: Timed out receiving message from renderer: 0.100
[1588096090.549][SEVERE]: Timed out receiving message from renderer: 0.100
[1588096090.652][SEVERE]: Timed out receiving message from renderer: 0.100
[1588096090.756][SEVERE]: Timed out receiving message from renderer: 0.100
[1588096090.862][SEVERE]: Timed out receiving message from renderer: 0.100
[1588096090.968][SEVERE]: Timed out receiving message from renderer: 0.100
[1588096091.073][SEVERE]: Timed out receiving message from renderer: 0.100
[1588096091.178][SEVERE]: Timed out receiving message from renderer: 0.100
[1588096091.286][SEVERE]: Timed out receiving message from renderer: 0.100
[1588096091.392][SEVERE]: Timed out receiving message from renderer: 0.100
[1588096091.500][SEVERE]: Timed out receiving message from renderer: 0.100
[1588096091.606][SEVERE]: Timed out receiving message from renderer: 0.100
[1588096091.713][SEVERE]: Timed out receiving message from renderer: 0.100
[1588096091.821][SEVERE]: Timed out receiving message from renderer: 0.100
[1588096091.927][SEVERE]: Timed out receiving message from renderer: 0.100
[1588096092.035][SEVERE]: Timed out receiving message from renderer: 0.100
[1588096092.139][SEVERE]: Timed out receiving message from renderer: 0.100
[1588096092.265][SEVERE]: Timed out receiving message from renderer: 0.100
[1588096092.380][SEVERE]: Timed out receiving message from renderer: 0.100
[1588096092.485][SEVERE]: Timed out receiving message from renderer: 0.100
[1588096092.589][SEVERE]: Timed out receiving message from renderer: 0.100
[1588096092.699][SEVERE]: Timed out receiving message from renderer: 0.100
[1588096092.805][SEVERE]: Timed out receiving message from renderer: 0.100
[1588096092.915][SEVERE]: Timed out receiving message from renderer: 0.100
[1588096093.019][SEVERE]: Timed out receiving message from renderer: 0.100
[1588096093.125][SEVERE]: Timed out receiving message from renderer: 0.100
[1588096093.231][SEVERE]: Timed out receiving message from renderer: 0.100
[1588096093.339][SEVERE]: Timed out receiving message from renderer: 0.100
[1588096093.446][SEVERE]: Timed out receiving message from renderer: 0.100
[1588096093.548][SEVERE]: Timed out receiving message from renderer: 0.100
[1588096093.657][SEVERE]: Timed out receiving message from renderer: 0.100
[1588096093.765][SEVERE]: Timed out receiving message from renderer: 0.100
[1588096093.874][SEVERE]: Timed out receiving message from renderer: 0.100
[1588096093.982][SEVERE]: Timed out receiving message from renderer: 0.100
[1588096094.090][SEVERE]: Timed out receiving message from renderer: 0.100
[1588096094.205][SEVERE]: Timed out receiving message from renderer: 0.100
[1588096094.312][SEVERE]: Timed out receiving message from renderer: 0.100
[1588096094.420][SEVERE]: Timed out receiving message from renderer: 0.100
[1588096094.530][SEVERE]: Timed out receiving message from renderer: 0.100
[1588096094.638][SEVERE]: Timed out receiving message from renderer: 0.100
[1588096094.745][SEVERE]: Timed out receiving message from renderer: 0.100
[1588096094.852][SEVERE]: Timed out receiving message from renderer: 0.100
[1588096094.959][SEVERE]: Timed out receiving message from renderer: 0.100
[1588096095.065][SEVERE]: Timed out receiving message from renderer: 0.100
[1588096095.173][SEVERE]: Timed out receiving message from renderer: 0.100
[1588096095.283][SEVERE]: Timed out receiving message from renderer: 0.100
[1588096095.391][SEVERE]: Timed out receiving message from renderer: 0.100
[1588096095.500][SEVERE]: Timed out receiving message from renderer: 0.100
[1588096095.602][SEVERE]: Timed out receiving message from renderer: 0.100
[1588096095.714][SEVERE]: Timed out receiving message from renderer: 0.100
[1588096095.826][SEVERE]: Timed out receiving message from renderer: 0.100
[1588096095.935][SEVERE]: Timed out receiving message from renderer: 0.100
[1588096096.041][SEVERE]: Timed out receiving message from renderer: 0.100
[1588096096.153][SEVERE]: Timed out receiving message from renderer: 0.100
[1588096096.260][SEVERE]: Timed out receiving message from renderer: 0.100
[1588096096.366][SEVERE]: Timed out receiving message from renderer: 0.100
[1588096096.474][SEVERE]: Timed out receiving message from renderer: 0.100
[1588096096.581][SEVERE]: Timed out receiving message from renderer: 0.100
[1588096096.687][SEVERE]: Timed out receiving message from renderer: 0.100
[1588096096.798][SEVERE]: Timed out receiving message from renderer: 0.100
[1588096096.905][SEVERE]: Timed out receiving message from renderer: 0.100
[1588096097.012][SEVERE]: Timed out receiving message from renderer: 0.100
[1588096097.120][SEVERE]: Timed out receiving message from renderer: 0.100
[1588096097.228][SEVERE]: Timed out receiving message from renderer: 0.100
[1588096097.335][SEVERE]: Timed out receiving message from renderer: 0.100
[1588096097.444][SEVERE]: Timed out receiving message from renderer: 0.100
[1588096097.549][SEVERE]: Timed out receiving message from renderer: 0.100
[1588096097.655][SEVERE]: Timed out receiving message from renderer: 0.100
[1588096097.763][SEVERE]: Timed out receiving message from renderer: 0.100
[1588096097.870][SEVERE]: Timed out receiving message from renderer: 0.100
[1588096097.975][SEVERE]: Timed out receiving message from renderer: 0.100
[1588096098.083][SEVERE]: Timed out receiving message from renderer: 0.100
[1588096098.192][SEVERE]: Timed out receiving message from renderer: 0.100
[1588096098.299][SEVERE]: Timed out receiving message from renderer: 0.100
[1588096098.408][SEVERE]: Timed out receiving message from renderer: 0.100
[1588096098.522][SEVERE]: Timed out receiving message from renderer: 0.100
[1588096098.630][SEVERE]: Timed out receiving message from renderer: 0.100
[1588096098.748][SEVERE]: Timed out receiving message from renderer: 0.100
[1588096098.854][SEVERE]: Timed out receiving message from renderer: 0.100
[1588096098.957][SEVERE]: Timed out receiving message from renderer: 0.100
[1588096099.067][SEVERE]: Timed out receiving message from renderer: 0.100
[1588096099.176][SEVERE]: Timed out receiving message from renderer: 0.100
[1588096099.285][SEVERE]: Timed out receiving message from renderer: 0.100
[1588096099.388][SEVERE]: Timed out receiving message from renderer: 0.100
[1588096099.495][SEVERE]: Timed out receiving message from renderer: 0.100
[1588096099.601][SEVERE]: Timed out receiving message from renderer: 0.100
[1588096099.719][SEVERE]: Timed out receiving message from renderer: 0.100
[1588096099.822][SEVERE]: Timed out receiving message from renderer: 0.100
[1588096099.934][SEVERE]: Timed out receiving message from renderer: 0.100
[1588096100.046][SEVERE]: Timed out receiving message from renderer: 0.100
[1588096100.155][SEVERE]: Timed out receiving message from renderer: 0.100
[1588096100.262][SEVERE]: Timed out receiving message from renderer: 0.100
[1588096100.370][SEVERE]: Timed out receiving message from renderer: 0.100
[1588096100.477][SEVERE]: Timed out receiving message from renderer: 0.100
[1588096100.586][SEVERE]: Timed out receiving message from renderer: 0.100
[1588096100.696][SEVERE]: Timed out receiving message from renderer: 0.100
[1588096100.803][SEVERE]: Timed out receiving message from renderer: 0.100
[1588096100.912][SEVERE]: Timed out receiving message from renderer: 0.100
[1588096101.020][SEVERE]: Timed out receiving message from renderer: 0.100
[1588096101.125][SEVERE]: Timed out receiving message from renderer: 0.100
[1588096101.234][SEVERE]: Timed out receiving message from renderer: 0.100
[1588096101.345][SEVERE]: Timed out receiving message from renderer: 0.100
[1588096101.454][SEVERE]: Timed out receiving message from renderer: 0.100
[1588096101.563][SEVERE]: Timed out receiving message from renderer: 0.100
[1588096101.669][SEVERE]: Timed out receiving message from renderer: 0.100
[1588096101.777][SEVERE]: Timed out receiving message from renderer: 0.100
[1588096101.884][SEVERE]: Timed out receiving message from renderer: 0.100
[1588096102.001][SEVERE]: Timed out receiving message from renderer: 0.100
[1588096102.110][SEVERE]: Timed out receiving message from renderer: 0.100
[1588096102.219][SEVERE]: Timed out receiving message from renderer: 0.100
[1588096102.327][SEVERE]: Timed out receiving message from renderer: 0.100
[1588096102.433][SEVERE]: Timed out receiving message from renderer: 0.100
[1588096102.545][SEVERE]: Timed out receiving message from renderer: 0.100
[1588096102.649][SEVERE]: Timed out receiving message from renderer: 0.100
[1588096102.760][SEVERE]: Timed out receiving message from renderer: 0.100
[1588096102.867][SEVERE]: Timed out receiving message from renderer: 0.100
[1588096102.974][SEVERE]: Timed out receiving message from renderer: 0.100
[1588096103.082][SEVERE]: Timed out receiving message from renderer: 0.100
[1588096103.194][SEVERE]: Timed out receiving message from renderer: 0.100
[1588096103.302][SEVERE]: Timed out receiving message from renderer: 0.100
[1588096103.410][SEVERE]: Timed out receiving message from renderer: 0.100
[1588096103.515][SEVERE]: Timed out receiving message from renderer: 0.100
[1588096103.623][SEVERE]: Timed out receiving message from renderer: 0.100
[1588096103.729][SEVERE]: Timed out receiving message from renderer: 0.100
[1588096103.841][SEVERE]: Timed out receiving message from renderer: 0.100
[1588096103.951][SEVERE]: Timed out receiving message from renderer: 0.100
[1588096104.057][SEVERE]: Timed out receiving message from renderer: 0.100
[1588096104.169][SEVERE]: Timed out receiving message from renderer: 0.100
[1588096104.277][SEVERE]: Timed out receiving message from renderer: 0.100
[1588096104.382][SEVERE]: Timed out receiving message from renderer: 0.100
[1588096104.491][SEVERE]: Timed out receiving message from renderer: 0.100
[1588096104.597][SEVERE]: Timed out receiving message from renderer: 0.100
[1588096104.707][SEVERE]: Timed out receiving message from renderer: 0.100
[1588096104.816][SEVERE]: Timed out receiving message from renderer: 0.100
[1588096104.919][SEVERE]: Timed out receiving message from renderer: 0.100
[1588096105.027][SEVERE]: Timed out receiving message from renderer: 0.100
[1588096105.133][SEVERE]: Timed out receiving message from renderer: 0.100
[1588096105.240][SEVERE]: Timed out receiving message from renderer: 0.100
[1588096105.345][SEVERE]: Timed out receiving message from renderer: 0.100
[1588096105.457][SEVERE]: Timed out receiving message from renderer: 0.100
[1588096105.562][SEVERE]: Timed out receiving message from renderer: 0.100
[1588096105.673][SEVERE]: Timed out receiving message from renderer: 0.100
[1588096105.778][SEVERE]: Timed out receiving message from renderer: 0.100
[1588096105.887][SEVERE]: Timed out receiving message from renderer: 0.100
[1588096106.113][SEVERE]: Timed out receiving message from renderer: 0.100
[1588096106.225][SEVERE]: Timed out receiving message from renderer: 0.100
[1588096106.332][SEVERE]: Timed out receiving message from renderer: 0.100
[1588096106.439][SEVERE]: Timed out receiving message from renderer: 0.100
[1588096106.548][SEVERE]: Timed out receiving message from renderer: 0.100
[1588096106.655][SEVERE]: Timed out receiving message from renderer: 0.100
[1588096106.764][SEVERE]: Timed out receiving message from renderer: 0.100
[1588096106.874][SEVERE]: Timed out receiving message from renderer: 0.100
[1588096106.978][SEVERE]: Timed out receiving message from renderer: 0.100
[1588096107.089][SEVERE]: Timed out receiving message from renderer: 0.100
[1588096107.198][SEVERE]: Timed out receiving message from renderer: 0.100
[1588096107.306][SEVERE]: Timed out receiving message from renderer: 0.100
[1588096107.417][SEVERE]: Timed out receiving message from renderer: 0.100
[1588096107.525][SEVERE]: Timed out receiving message from renderer: 0.100
[1588096107.631][SEVERE]: Timed out receiving message from renderer: 0.100
[1588096107.737][SEVERE]: Timed out receiving message from renderer: 0.100
[1588096107.847][SEVERE]: Timed out receiving message from renderer: 0.100
[1588096107.954][SEVERE]: Timed out receiving message from renderer: 0.100
[1588096108.059][SEVERE]: Timed out receiving message from renderer: 0.100
[1588096108.168][SEVERE]: Timed out receiving message from renderer: 0.100
[1588096108.282][SEVERE]: Timed out receiving message from renderer: 0.100
[1588096108.388][SEVERE]: Timed out receiving message from renderer: 0.100
[1588096108.496][SEVERE]: Timed out receiving message from renderer: 0.100
[1588096108.611][SEVERE]: Timed out receiving message from renderer: 0.100
[1588096108.719][SEVERE]: Timed out receiving message from renderer: 0.100
[1588096108.839][SEVERE]: Timed out receiving message from renderer: 0.100
[1588096108.947][SEVERE]: Timed out receiving message from renderer: 0.100
[1588096109.055][SEVERE]: Timed out receiving message from renderer: 0.100
[1588096109.163][SEVERE]: Timed out receiving message from renderer: 0.100
[1588096109.270][SEVERE]: Timed out receiving message from renderer: 0.100
[1588096109.375][SEVERE]: Timed out receiving message from renderer: 0.100
[1588096109.486][SEVERE]: Timed out receiving message from renderer: 0.100
[1588096109.591][SEVERE]: Timed out receiving message from renderer: 0.100
[1588096109.699][SEVERE]: Timed out receiving message from renderer: 0.100
[1588096109.805][SEVERE]: Timed out receiving message from renderer: 0.100
[1588096109.908][SEVERE]: Timed out receiving message from renderer: 0.100
[1588096110.015][SEVERE]: Timed out receiving message from renderer: 0.100
[1588096110.123][SEVERE]: Timed out receiving message from renderer: 0.100
[1588096110.236][SEVERE]: Timed out receiving message from renderer: 0.100
[1588096110.340][SEVERE]: Timed out receiving message from renderer: 0.100
[1588096110.446][SEVERE]: Timed out receiving message from renderer: 0.100
[1588096110.554][SEVERE]: Timed out receiving message from renderer: 0.100
[1588096110.667][SEVERE]: Timed out receiving message from renderer: 0.100
[1588096110.773][SEVERE]: Timed out receiving message from renderer: 0.100
[1588096110.881][SEVERE]: Timed out receiving message from renderer: 0.100
[1588096110.991][SEVERE]: Timed out receiving message from renderer: 0.100
[1588096111.098][SEVERE]: Timed out receiving message from renderer: 0.100
[1588096111.204][SEVERE]: Timed out receiving message from renderer: 0.100
[1588096111.311][SEVERE]: Timed out receiving message from renderer: 0.100
[1588096111.423][SEVERE]: Timed out receiving message from renderer: 0.100
[1588096111.531][SEVERE]: Timed out receiving message from renderer: 0.100
[1588096111.637][SEVERE]: Timed out receiving message from renderer: 0.100
[1588096111.743][SEVERE]: Timed out receiving message from renderer: 0.100
[1588096111.852][SEVERE]: Timed out receiving message from renderer: 0.100
[1588096111.962][SEVERE]: Timed out receiving message from renderer: 0.100
[1588096112.095][SEVERE]: Timed out receiving message from renderer: 0.100
[1588096112.197][SEVERE]: Timed out receiving message from renderer: 0.100
[1588096112.306][SEVERE]: Timed out receiving message from renderer: 0.100
[1588096112.415][SEVERE]: Timed out receiving message from renderer: 0.100
[1588096112.538][SEVERE]: Timed out receiving message from renderer: 0.100
[1588096112.641][SEVERE]: Timed out receiving message from renderer: 0.100
[1588096112.753][SEVERE]: Timed out receiving message from renderer: 0.100
[1588096112.859][SEVERE]: Timed out receiving message from renderer: 0.100
[1588096112.966][SEVERE]: Timed out receiving message from renderer: 0.100
[1588096113.072][SEVERE]: Timed out receiving message from renderer: 0.100
[1588096113.177][SEVERE]: Timed out receiving message from renderer: 0.100
[1588096113.290][SEVERE]: Timed out receiving message from renderer: 0.100
[1588096113.416][SEVERE]: Timed out receiving message from renderer: 0.100
[1588096113.521][SEVERE]: Timed out receiving message from renderer: 0.100
[1588096113.626][SEVERE]: Timed out receiving message from renderer: 0.100
[1588096113.733][SEVERE]: Timed out receiving message from renderer: 0.100
[1588096113.840][SEVERE]: Timed out receiving message from renderer: 0.100
[1588096113.949][SEVERE]: Timed out receiving message from renderer: 0.100
[1588096114.054][SEVERE]: Timed out receiving message from renderer: 0.100
[1588096114.161][SEVERE]: Timed out receiving message from renderer: 0.100
[1588096114.265][SEVERE]: Timed out receiving message from renderer: 0.100
[1588096114.367][SEVERE]: Timed out receiving message from renderer: 0.100
[1588096114.470][SEVERE]: Timed out receiving message from renderer: 0.100
[1588096114.572][SEVERE]: Timed out receiving message from renderer: 0.100
[1588096114.675][SEVERE]: Timed out receiving message from renderer: 0.100
[1588096114.780][SEVERE]: Timed out receiving message from renderer: 0.100
[1588096114.885][SEVERE]: Timed out receiving message from renderer: 0.100
[1588096114.991][SEVERE]: Timed out receiving message from renderer: 0.100
[1588096115.100][SEVERE]: Timed out receiving message from renderer: 0.100
[1588096115.205][SEVERE]: Timed out receiving message from renderer: 0.100
[1588096115.310][SEVERE]: Timed out receiving message from renderer: 0.100
[1588096115.422][SEVERE]: Timed out receiving message from renderer: 0.100
[1588096115.530][SEVERE]: Timed out receiving message from renderer: 0.100
[1588096115.635][SEVERE]: Timed out receiving message from renderer: 0.100
[1588096115.744][SEVERE]: Timed out receiving message from renderer: 0.100
[1588096115.851][SEVERE]: Timed out receiving message from renderer: 0.100
[1588096115.958][SEVERE]: Timed out receiving message from renderer: 0.100
[1588096116.065][SEVERE]: Timed out receiving message from renderer: 0.100
[1588096116.172][SEVERE]: Timed out receiving message from renderer: 0.100
[1588096116.280][SEVERE]: Timed out receiving message from renderer: 0.100
[1588096116.386][SEVERE]: Timed out receiving message from renderer: 0.100
[1588096116.497][SEVERE]: Timed out receiving message from renderer: 0.100
[1588096116.606][SEVERE]: Timed out receiving message from renderer: 0.100
[1588096116.713][SEVERE]: Timed out receiving message from renderer: 0.100
[1588096116.819][SEVERE]: Timed out receiving message from renderer: 0.100
[1588096116.925][SEVERE]: Timed out receiving message from renderer: 0.100
[1588096117.032][SEVERE]: Timed out receiving message from renderer: 0.100
[1588096117.140][SEVERE]: Timed out receiving message from renderer: 0.100
[1588096117.249][SEVERE]: Timed out receiving message from renderer: 0.100
[1588096117.353][SEVERE]: Timed out receiving message from renderer: 0.100
[1588096117.467][SEVERE]: Timed out receiving message from renderer: 0.100
[1588096117.574][SEVERE]: Timed out receiving message from renderer: 0.100
[1588096117.680][SEVERE]: Timed out receiving message from renderer: 0.100
[1588096117.791][SEVERE]: Timed out receiving message from renderer: 0.100
[1588096117.913][SEVERE]: Timed out receiving message from renderer: 0.100
[1588096118.016][SEVERE]: Timed out receiving message from renderer: 0.100
[1588096118.126][SEVERE]: Timed out receiving message from renderer: 0.100
[1588096118.234][SEVERE]: Timed out receiving message from renderer: 0.100
[1588096118.340][SEVERE]: Timed out receiving message from renderer: 0.100
[1588096118.449][SEVERE]: Timed out receiving message from renderer: 0.100
[1588096118.556][SEVERE]: Timed out receiving message from renderer: 0.100
[1588096118.664][SEVERE]: Timed out receiving message from renderer: 0.100
[1588096118.770][SEVERE]: Timed out receiving message from renderer: 0.100
[1588096118.881][SEVERE]: Timed out receiving message from renderer: 0.100
[1588096118.987][SEVERE]: Timed out receiving message from renderer: 0.100
[1588096119.094][SEVERE]: Timed out receiving message from renderer: 0.100
[1588096119.199][SEVERE]: Timed out receiving message from renderer: 0.100
[1588096119.306][SEVERE]: Timed out receiving message from renderer: 0.100
[1588096119.416][SEVERE]: Timed out receiving message from renderer: 0.100
[1588096119.522][SEVERE]: Timed out receiving message from renderer: 0.100
[1588096119.633][SEVERE]: Timed out receiving message from renderer: 0.100
[1588096119.741][SEVERE]: Timed out receiving message from renderer: 0.100
[1588096119.849][SEVERE]: Timed out receiving message from renderer: 0.100
[1588096119.956][SEVERE]: Timed out receiving message from renderer: 0.100
[1588096120.062][SEVERE]: Timed out receiving message from renderer: 0.100
[1588096120.167][SEVERE]: Timed out receiving message from renderer: 0.100
[1588096120.280][SEVERE]: Timed out receiving message from renderer: 0.100
[1588096120.386][SEVERE]: Timed out receiving message from renderer: 0.100
[1588096120.495][SEVERE]: Timed out receiving message from renderer: 0.100
[1588096120.602][SEVERE]: Timed out receiving message from renderer: 0.100
[1588096120.710][SEVERE]: Timed out receiving message from renderer: 0.100
[1588096120.817][SEVERE]: Timed out receiving message from renderer: 0.100
[1588096120.928][SEVERE]: Timed out receiving message from renderer: 0.100
[1588096121.035][SEVERE]: Timed out receiving message from renderer: 0.100
[1588096121.143][SEVERE]: Timed out receiving message from renderer: 0.100
[1588096121.248][SEVERE]: Timed out receiving message from renderer: 0.100
[1588096121.355][SEVERE]: Timed out receiving message from renderer: 0.100
[1588096121.465][SEVERE]: Timed out receiving message from renderer: 0.100
[1588096121.576][SEVERE]: Timed out receiving message from renderer: 0.100
[1588096121.681][SEVERE]: Timed out receiving message from renderer: 0.100
[1588096121.792][SEVERE]: Timed out receiving message from renderer: 0.100
[1588096121.898][SEVERE]: Timed out receiving message from renderer: 0.100
[1588096122.006][SEVERE]: Timed out receiving message from renderer: 0.100
[1588096122.203][SEVERE]: Timed out receiving message from renderer: 0.100
[1588096122.314][SEVERE]: Timed out receiving message from renderer: 0.100
[1588096122.421][SEVERE]: Timed out receiving message from renderer: 0.100
[1588096122.529][SEVERE]: Timed out receiving message from renderer: 0.100
[1588096122.632][SEVERE]: Timed out receiving message from renderer: 0.100
[1588096122.742][SEVERE]: Timed out receiving message from renderer: 0.100
[1588096122.846][SEVERE]: Timed out receiving message from renderer: 0.100
[1588096122.954][SEVERE]: Timed out receiving message from renderer: 0.100
[1588096123.056][SEVERE]: Timed out receiving message from renderer: 0.100
[1588096123.163][SEVERE]: Timed out receiving message from renderer: 0.100
[1588096123.269][SEVERE]: Timed out receiving message from renderer: 0.100
[1588096123.381][SEVERE]: Timed out receiving message from renderer: 0.100
[1588096123.523][SEVERE]: Timed out receiving message from renderer: 0.100
[1588096123.634][SEVERE]: Timed out receiving message from renderer: 0.100
[1588096123.742][SEVERE]: Timed out receiving message from renderer: 0.100
[1588096123.849][SEVERE]: Timed out receiving message from renderer: 0.100
[1588096123.960][SEVERE]: Timed out receiving message from renderer: 0.100
[1588096124.065][SEVERE]: Timed out receiving message from renderer: 0.100
[1588096124.175][SEVERE]: Timed out receiving message from renderer: 0.100
[1588096124.283][SEVERE]: Timed out receiving message from renderer: 0.100
[1588096124.390][SEVERE]: Timed out receiving message from renderer: 0.100
[1588096124.496][SEVERE]: Timed out receiving message from renderer: 0.100
[1588096124.602][SEVERE]: Timed out receiving message from renderer: 0.100
[1588096124.713][SEVERE]: Timed out receiving message from renderer: 0.100
[1588096124.819][SEVERE]: Timed out receiving message from renderer: 0.100
[1588096124.931][SEVERE]: Timed out receiving message from renderer: 0.100
[1588096125.042][SEVERE]: Timed out receiving message from renderer: 0.100
[1588096125.148][SEVERE]: Timed out receiving message from renderer: 0.100
[1588096125.259][SEVERE]: Timed out receiving message from renderer: 0.100
[1588096125.364][SEVERE]: Timed out receiving message from renderer: 0.100
[1588096125.471][SEVERE]: Timed out receiving message from renderer: 0.100
[1588096125.582][SEVERE]: Timed out receiving message from renderer: 0.100
[1588096125.690][SEVERE]: Timed out receiving message from renderer: 0.100
[1588096125.798][SEVERE]: Timed out receiving message from renderer: 0.100
[1588096125.905][SEVERE]: Timed out receiving message from renderer: 0.100
[1588096126.011][SEVERE]: Timed out receiving message from renderer: 0.100
[1588096126.124][SEVERE]: Timed out receiving message from renderer: 0.100
[1588096126.230][SEVERE]: Timed out receiving message from renderer: 0.100
[1588096126.336][SEVERE]: Timed out receiving message from renderer: 0.100
[1588096126.439][SEVERE]: Timed out receiving message from renderer: 0.100
[1588096126.543][SEVERE]: Timed out receiving message from renderer: 0.100
[1588096126.646][SEVERE]: Timed out receiving message from renderer: 0.100
[1588096126.749][SEVERE]: Timed out receiving message from renderer: 0.100
[1588096126.855][SEVERE]: Timed out receiving message from renderer: 0.100
[1588096126.962][SEVERE]: Timed out receiving message from renderer: 0.100
[1588096127.072][SEVERE]: Timed out receiving message from renderer: 0.100
[1588096127.175][SEVERE]: Timed out receiving message from renderer: 0.100
[1588096127.278][SEVERE]: Timed out receiving message from renderer: 0.100
[1588096127.381][SEVERE]: Timed out receiving message from renderer: 0.100
[1588096127.483][SEVERE]: Timed out receiving message from renderer: 0.100
[1588096127.586][SEVERE]: Timed out receiving message from renderer: 0.100
[1588096127.691][SEVERE]: Timed out receiving message from renderer: 0.100
[1588096127.795][SEVERE]: Timed out receiving message from renderer: 0.100
[1588096127.906][SEVERE]: Timed out receiving message from renderer: 0.100
[1588096128.011][SEVERE]: Timed out receiving message from renderer: 0.100
[1588096128.117][SEVERE]: Timed out receiving message from renderer: 0.100
[1588096128.219][SEVERE]: Timed out receiving message from renderer: 0.100
[1588096128.321][SEVERE]: Timed out receiving message from renderer: 0.100
[1588096128.425][SEVERE]: Timed out receiving message from renderer: 0.100
[1588096128.529][SEVERE]: Timed out receiving message from renderer: 0.100
[1588096128.632][SEVERE]: Timed out receiving message from renderer: 0.100
[1588096130.142][SEVERE]: Timed out receiving message from renderer: 0.100
[1588096130.308][SEVERE]: Timed out receiving message from renderer: 0.100
[1588096130.417][SEVERE]: Timed out receiving message from renderer: 0.100
[1588096130.525][SEVERE]: Timed out receiving message from renderer: 0.100
[1588096130.630][SEVERE]: Timed out receiving message from renderer: 0.100
[1588096130.736][SEVERE]: Timed out receiving message from renderer: 0.100
[1588096130.839][SEVERE]: Timed out receiving message from renderer: 0.100
[1588096130.943][SEVERE]: Timed out receiving message from renderer: 0.100
[1588096131.057][SEVERE]: Timed out receiving message from renderer: 0.100
[1588096131.232][SEVERE]: Timed out receiving message from renderer: 0.100
[1588096131.345][SEVERE]: Timed out receiving message from renderer: 0.100
[1588096131.451][SEVERE]: Timed out receiving message from renderer: 0.100
[1588096131.560][SEVERE]: Timed out receiving message from renderer: 0.100
[1588096131.885][SEVERE]: Timed out receiving message from renderer: 0.100
[1588096131.992][SEVERE]: Timed out receiving message from renderer: 0.100
[1588096132.101][SEVERE]: Timed out receiving message from renderer: 0.100
[1588096141.881][SEVERE]: Timed out receiving message from renderer: 0.100
[1588096141.988][SEVERE]: Timed out receiving message from renderer: 0.100
[1588096142.095][SEVERE]: Timed out receiving message from renderer: 0.100
[1588096142.206][SEVERE]: Timed out receiving message from renderer: 0.100
[1588096142.335][SEVERE]: Timed out receiving message from renderer: 0.100
[1588096142.442][SEVERE]: Timed out receiving message from renderer: 0.100
[1588096142.555][SEVERE]: Timed out receiving message from renderer: 0.100
[1588096142.667][SEVERE]: Timed out receiving message from renderer: 0.100
[1588096142.774][SEVERE]: Timed out receiving message from renderer: 0.100
[1588096142.882][SEVERE]: Timed out receiving message from renderer: 0.100
[1588096142.992][SEVERE]: Timed out receiving message from renderer: 0.100
[1588096143.098][SEVERE]: Timed out receiving message from renderer: 0.100
[1588096143.208][SEVERE]: Timed out receiving message from renderer: 0.100
[1588096143.322][SEVERE]: Timed out receiving message from renderer: 0.100
[1588096143.433][SEVERE]: Timed out receiving message from renderer: 0.100
[1588096143.560][SEVERE]: Timed out receiving message from renderer: 0.100
[1588096143.668][SEVERE]: Timed out receiving message from renderer: 0.100
[1588096143.777][SEVERE]: Timed out receiving message from renderer: 0.100
[1588096143.888][SEVERE]: Timed out receiving message from renderer: 0.100
[1588096143.990][SEVERE]: Timed out receiving message from renderer: 0.100
[1588096144.148][SEVERE]: Timed out receiving message from renderer: 0.100
[1588096144.256][SEVERE]: Timed out receiving message from renderer: 0.100
[1588096144.362][SEVERE]: Timed out receiving message from renderer: 0.100
[1588096144.463][SEVERE]: Timed out receiving message from renderer: 0.100
[1588096144.565][SEVERE]: Timed out receiving message from renderer: 0.100
[1588096144.668][SEVERE]: Timed out receiving message from renderer: 0.100
[1588096144.772][SEVERE]: Timed out receiving message from renderer: 0.100
[1588096144.877][SEVERE]: Timed out receiving message from renderer: 0.100
[1588096144.981][SEVERE]: Timed out receiving message from renderer: 0.100
[1588096145.083][SEVERE]: Timed out receiving message from renderer: 0.100
[1588096145.192][SEVERE]: Timed out receiving message from renderer: 0.100
[1588096145.295][SEVERE]: Timed out receiving message from renderer: 0.100
[1588096145.403][SEVERE]: Timed out receiving message from renderer: 0.100
[1588096145.510][SEVERE]: Timed out receiving message from renderer: 0.100
[1588096145.620][SEVERE]: Timed out receiving message from renderer: 0.100
[1588096145.730][SEVERE]: Timed out receiving message from renderer: 0.100
[1588096145.915][SEVERE]: Timed out receiving message from renderer: 0.100
[1588096146.023][SEVERE]: Timed out receiving message from renderer: 0.100
[1588096146.130][SEVERE]: Timed out receiving message from renderer: 0.100
[1588096146.239][SEVERE]: Timed out receiving message from renderer: 0.100
[1588096146.343][SEVERE]: Timed out receiving message from renderer: 0.100
[1588096146.447][SEVERE]: Timed out receiving message from renderer: 0.100
[1588096146.554][SEVERE]: Timed out receiving message from renderer: 0.100
[1588096146.660][SEVERE]: Timed out receiving message from renderer: 0.100
[1588096146.766][SEVERE]: Timed out receiving message from renderer: 0.100
[1588096146.871][SEVERE]: Timed out receiving message from renderer: 0.100
[1588096146.978][SEVERE]: Timed out receiving message from renderer: 0.100
]]></system-err>
</testsuite>
